[2022-02-15 15:52:07.728] [INFO ]: org.reflections.Reflections.scan[232 line] - Reflections took 65 ms to scan 1 urls, producing 3 keys and 6 values 
[2022-02-15 15:52:07.788] [INFO ]: org.reflections.Reflections.scan[232 line] - Reflections took 26 ms to scan 1 urls, producing 4 keys and 9 values 
[2022-02-15 15:52:07.807] [INFO ]: org.reflections.Reflections.scan[232 line] - Reflections took 13 ms to scan 1 urls, producing 3 keys and 10 values 
[2022-02-15 15:52:07.826] [INFO ]: org.reflections.Reflections.scan[232 line] - Reflections took 12 ms to scan 1 urls, producing 1 keys and 5 values 
[2022-02-15 15:52:07.853] [INFO ]: org.reflections.Reflections.scan[232 line] - Reflections took 14 ms to scan 1 urls, producing 1 keys and 7 values 
[2022-02-15 15:52:07.870] [INFO ]: org.reflections.Reflections.scan[232 line] - Reflections took 10 ms to scan 1 urls, producing 2 keys and 8 values 
[2022-02-15 15:52:10.022] [INFO ]: org.springframework.boot.SpringApplication.logStartupProfileInfo[652 line] - The following profiles are active: test
[2022-02-15 15:52:14.161] [INFO ]: org.apache.juli.logging.DirectJDKLog.log[173 line] - Initializing ProtocolHandler ["http-nio-8124"]
[2022-02-15 15:52:14.162] [INFO ]: org.apache.juli.logging.DirectJDKLog.log[173 line] - Starting service [Tomcat]
[2022-02-15 15:52:14.163] [INFO ]: org.apache.juli.logging.DirectJDKLog.log[173 line] - Starting Servlet engine: [Apache Tomcat/9.0.46]
[2022-02-15 15:52:14.425] [INFO ]: org.apache.juli.logging.DirectJDKLog.log[173 line] - Initializing Spring embedded WebApplicationContext
[2022-02-15 15:52:20.795] [INFO ]: com.alibaba.nacos.client.naming.utils.InitUtils.initNamespaceForNaming[63 line] - initializer namespace from System Property : null
[2022-02-15 15:52:20.797] [INFO ]: com.alibaba.nacos.client.naming.utils.InitUtils$1.call[69 line] - initializer namespace from System Environment :null
[2022-02-15 15:52:20.797] [INFO ]: com.alibaba.nacos.client.naming.utils.InitUtils$2.call[79 line] - initializer namespace from System Property :null
[2022-02-15 15:52:20.840] [INFO ]: com.alibaba.nacos.common.remote.client.RpcClientFactory.lambda$createClient$0[77 line] - [RpcClientFactory] create a new rpc client of c14024bf-3113-4422-ae99-d465e72a147f
[2022-02-15 15:52:20.840] [INFO ]: com.alibaba.nacos.common.utils.LoggerUtils.printIfInfoEnabled[60 line] - [c14024bf-3113-4422-ae99-d465e72a147f]RpcClient init label, labels={module=naming, source=sdk}
[2022-02-15 15:52:20.844] [INFO ]: com.alibaba.nacos.common.utils.LoggerUtils.printIfInfoEnabled[60 line] - [c14024bf-3113-4422-ae99-d465e72a147f]RpcClient init, ServerListFactory =com.alibaba.nacos.client.naming.core.ServerListManager
[2022-02-15 15:52:20.844] [INFO ]: com.alibaba.nacos.common.utils.LoggerUtils.printIfInfoEnabled[60 line] - [c14024bf-3113-4422-ae99-d465e72a147f]Registry connection listener to current client:com.alibaba.nacos.client.naming.remote.gprc.redo.NamingGrpcRedoService
[2022-02-15 15:52:20.845] [INFO ]: com.alibaba.nacos.common.utils.LoggerUtils.printIfInfoEnabled[60 line] - [c14024bf-3113-4422-ae99-d465e72a147f]Register server push request handler:com.alibaba.nacos.client.naming.remote.gprc.NamingPushRequestHandler
[2022-02-15 15:52:20.846] [INFO ]: com.alibaba.nacos.common.utils.LoggerUtils.printIfInfoEnabled[60 line] - [c14024bf-3113-4422-ae99-d465e72a147f] Try to connect to server on start up, server: {serverIp='172.16.0.35', server main port=8848}
[2022-02-15 15:52:20.997] [INFO ]: com.alibaba.nacos.common.utils.LoggerUtils.printIfInfoEnabled[60 line] - [c14024bf-3113-4422-ae99-d465e72a147f] Success to connect to server [172.16.0.35:8848] on start up,connectionId=1644911538797_172.16.0.246_54654
[2022-02-15 15:52:20.997] [INFO ]: com.alibaba.nacos.common.utils.LoggerUtils.printIfInfoEnabled[60 line] - [c14024bf-3113-4422-ae99-d465e72a147f]Register server push request handler:com.alibaba.nacos.common.remote.client.RpcClient$ConnectResetRequestHandler
[2022-02-15 15:52:20.997] [INFO ]: com.alibaba.nacos.common.utils.LoggerUtils.printIfInfoEnabled[60 line] - [c14024bf-3113-4422-ae99-d465e72a147f]Register server push request handler:com.alibaba.nacos.common.remote.client.RpcClient$4
[2022-02-15 15:52:20.997] [INFO ]: com.alibaba.nacos.common.utils.LoggerUtils.printIfInfoEnabled[60 line] - [c14024bf-3113-4422-ae99-d465e72a147f]Notify connected event to listeners.
[2022-02-15 15:52:21.000] [INFO ]: com.alibaba.nacos.client.naming.remote.gprc.redo.NamingGrpcRedoService.onConnected[76 line] - Grpc connection connect
[2022-02-15 15:52:21.436] [INFO ]: springfox.documentation.spring.web.PropertySourcedRequestMappingHandlerMapping.initHandlerMethods[69 line] - Mapped URL path [/v2/api-docs] onto method [springfox.documentation.swagger2.web.Swagger2Controller#getDocumentation(String, HttpServletRequest)]
[2022-02-15 15:52:21.479] [INFO ]: com.netflix.config.sources.URLConfigurationSource.<init>[127 line] - To enable URLs as dynamic configuration sources, define System property archaius.configurationSource.additionalUrls or make config.properties available on classpath.
[2022-02-15 15:52:21.491] [INFO ]: com.netflix.config.sources.URLConfigurationSource.<init>[127 line] - To enable URLs as dynamic configuration sources, define System property archaius.configurationSource.additionalUrls or make config.properties available on classpath.
[2022-02-15 15:52:22.951] [INFO ]: com.alibaba.nacos.client.naming.cache.ServiceInfoHolder.isChangedServiceInfo[181 line] - init new ips(0) service: DEFAULT_GROUP@@dynamic-datasource-core@@DEFAULT -> []
[2022-02-15 15:52:22.969] [INFO ]: com.alibaba.nacos.client.naming.cache.ServiceInfoHolder.processServiceInfo[166 line] - current ips:(0) service: DEFAULT_GROUP@@dynamic-datasource-core@@DEFAULT -> []
[2022-02-15 15:52:23.010] [INFO ]: com.alibaba.nacos.client.naming.remote.gprc.NamingGrpcClientProxy.registerService[112 line] - [REGISTER-SERVICE] db7e9f2d-4b3c-4f8b-b1b1-696a1862112f registering service dynamic-datasource-core with instance Instance{instanceId='null', ip='172.16.0.246', port=8124, weight=1.0, healthy=true, enabled=true, ephemeral=true, clusterName='DEFAULT', serviceName='null', metadata={preserved.register.source=SPRING_CLOUD}}
[2022-02-15 15:52:23.021] [INFO ]: com.alibaba.cloud.nacos.registry.NacosServiceRegistry.register[75 line] - nacos registry, DEFAULT_GROUP dynamic-datasource-core 172.16.0.246:8124 register finished
[2022-02-15 15:52:23.248] [INFO ]: springfox.documentation.spring.web.plugins.DocumentationPluginsBootstrapper.start[147 line] - Context refreshed
[2022-02-15 15:52:23.268] [INFO ]: springfox.documentation.spring.web.plugins.DocumentationPluginsBootstrapper.start[150 line] - Found 1 custom documentation plugin(s)
[2022-02-15 15:52:23.353] [INFO ]: springfox.documentation.spring.web.scanners.ApiListingReferenceScanner.scan[41 line] - Scanning for api listing references
[2022-02-15 15:52:23.389] [INFO ]: org.springframework.boot.StartupInfoLogger.logStarted[61 line] - Started DynamicDatasourceApplication in 18.249 seconds (JVM running for 20.941)
[2022-02-15 15:52:23.409] [INFO ]: com.alibaba.nacos.client.config.impl.ClientWorker.addCacheDataIfAbsent[384 line] - [config_rpc_client] [subscribe] dynamic-datasource-core-test.yml+DEFAULT_GROUP+db7e9f2d-4b3c-4f8b-b1b1-696a1862112f
[2022-02-15 15:52:23.410] [INFO ]: com.alibaba.nacos.client.config.impl.CacheData.addListener[173 line] - [config_rpc_client] [add-listener] ok, tenant=db7e9f2d-4b3c-4f8b-b1b1-696a1862112f, dataId=dynamic-datasource-core-test.yml, group=DEFAULT_GROUP, cnt=1
[2022-02-15 15:52:23.411] [INFO ]: com.alibaba.nacos.client.config.impl.ClientWorker.addCacheDataIfAbsent[384 line] - [config_rpc_client] [subscribe] dynamic-datasource-core+DEFAULT_GROUP+db7e9f2d-4b3c-4f8b-b1b1-696a1862112f
[2022-02-15 15:52:23.411] [INFO ]: com.alibaba.nacos.client.config.impl.CacheData.addListener[173 line] - [config_rpc_client] [add-listener] ok, tenant=db7e9f2d-4b3c-4f8b-b1b1-696a1862112f, dataId=dynamic-datasource-core, group=DEFAULT_GROUP, cnt=1
[2022-02-15 15:52:23.412] [INFO ]: com.alibaba.nacos.client.config.impl.ClientWorker.addCacheDataIfAbsent[384 line] - [config_rpc_client] [subscribe] dynamic-datasource-core.yml+DEFAULT_GROUP+db7e9f2d-4b3c-4f8b-b1b1-696a1862112f
[2022-02-15 15:52:23.412] [INFO ]: com.alibaba.nacos.client.config.impl.CacheData.addListener[173 line] - [config_rpc_client] [add-listener] ok, tenant=db7e9f2d-4b3c-4f8b-b1b1-696a1862112f, dataId=dynamic-datasource-core.yml, group=DEFAULT_GROUP, cnt=1
[2022-02-15 15:52:23.416] [INFO ]: org.example.DynamicDatasourceApplication.main[39 line] - 
----------------------------------------------------------
	应用 'dynamic-datasource-core' 运行成功! 访问连接:
	Swagger文档: 		http://172.16.0.246:8124/doc.html
	数据库监控: 		http://172.16.0.246:8124/druid
springboot监控：		http://{}:{}/actuator/beans在线apifox文档：		https://www.apipark.cn/s/3f4b91d7-462c-44e8-b885-ceb018029c29 访问密码：Q0Rehq3X----------------------------------------------------------
[2022-02-15 15:52:23.502] [INFO ]: com.alibaba.nacos.common.utils.LoggerUtils.printIfInfoEnabled[60 line] - [c14024bf-3113-4422-ae99-d465e72a147f]receive server push request,request=NotifySubscriberRequest,requestId=35
[2022-02-15 15:52:23.504] [INFO ]: com.alibaba.nacos.client.naming.cache.ServiceInfoHolder.isChangedServiceInfo[181 line] - init new ips(1) service: DEFAULT_GROUP@@dynamic-datasource-core -> [{"ip":"172.16.0.246","port":8124,"weight":1.0,"healthy":true,"enabled":true,"ephemeral":true,"clusterName":"DEFAULT","serviceName":"DEFAULT_GROUP@@dynamic-datasource-core","metadata":{"preserved.register.source":"SPRING_CLOUD"},"instanceHeartBeatTimeOut":15000,"instanceHeartBeatInterval":5000,"ipDeleteTimeout":30000}]
[2022-02-15 15:52:23.505] [INFO ]: com.alibaba.nacos.client.naming.cache.ServiceInfoHolder.processServiceInfo[166 line] - current ips:(1) service: DEFAULT_GROUP@@dynamic-datasource-core -> [{"ip":"172.16.0.246","port":8124,"weight":1.0,"healthy":true,"enabled":true,"ephemeral":true,"clusterName":"DEFAULT","serviceName":"DEFAULT_GROUP@@dynamic-datasource-core","metadata":{"preserved.register.source":"SPRING_CLOUD"},"instanceHeartBeatTimeOut":15000,"instanceHeartBeatInterval":5000,"ipDeleteTimeout":30000}]
[2022-02-15 15:52:23.507] [INFO ]: com.alibaba.nacos.common.utils.LoggerUtils.printIfInfoEnabled[60 line] - [c14024bf-3113-4422-ae99-d465e72a147f]ack server push request,request=NotifySubscriberRequest,requestId=35
[2022-02-15 15:52:23.861] [INFO ]: com.alibaba.nacos.client.naming.remote.gprc.redo.RedoScheduledTask.redoForSubscribe[110 line] - Redo subscriber operation UNREGISTER for DEFAULT_GROUP@@dynamic-datasource-core#DEFAULT
[2022-02-15 15:52:23.877] [INFO ]: com.alibaba.cloud.nacos.registry.NacosServiceRegistry.deregister[94 line] - De-registering from Nacos Server now...
[2022-02-15 15:52:23.877] [INFO ]: com.alibaba.nacos.client.naming.remote.gprc.NamingGrpcClientProxy.deregisterService[136 line] - [DEREGISTER-SERVICE] db7e9f2d-4b3c-4f8b-b1b1-696a1862112f deregistering service dynamic-datasource-core with instance: Instance{instanceId='null', ip='172.16.0.246', port=8124, weight=1.0, healthy=true, enabled=true, ephemeral=true, clusterName='DEFAULT', serviceName='null', metadata={}}
[2022-02-15 15:52:23.884] [INFO ]: com.alibaba.cloud.nacos.registry.NacosServiceRegistry.deregister[114 line] - De-registration finished.
[2022-02-15 15:52:23.885] [INFO ]: com.alibaba.nacos.client.naming.cache.ServiceInfoHolder.shutdown[256 line] - com.alibaba.nacos.client.naming.cache.ServiceInfoHolder do shutdown begin
[2022-02-15 15:52:23.886] [INFO ]: com.alibaba.nacos.client.naming.backups.FailoverReactor.shutdown[140 line] - com.alibaba.nacos.client.naming.backups.FailoverReactor do shutdown begin
[2022-02-15 15:52:23.916] [INFO ]: com.alibaba.nacos.client.naming.core.ServiceInfoUpdateService$UpdateTask.run[169 line] - update task is stopped, service:DEFAULT_GROUP@@dynamic-datasource-core, clusters:DEFAULT
[2022-02-15 15:52:24.192] [INFO ]: com.alibaba.nacos.client.naming.backups.FailoverReactor.shutdown[142 line] - com.alibaba.nacos.client.naming.backups.FailoverReactor do shutdown stop
[2022-02-15 15:52:24.192] [INFO ]: com.alibaba.nacos.client.naming.cache.ServiceInfoHolder.shutdown[258 line] - com.alibaba.nacos.client.naming.cache.ServiceInfoHolder do shutdown stop
[2022-02-15 15:52:24.192] [INFO ]: com.alibaba.nacos.client.naming.remote.NamingClientProxyDelegate.shutdown[176 line] - com.alibaba.nacos.client.naming.remote.NamingClientProxyDelegate do shutdown begin
[2022-02-15 15:52:24.193] [INFO ]: com.alibaba.nacos.client.naming.core.ServiceInfoUpdateService.shutdown[130 line] - com.alibaba.nacos.client.naming.core.ServiceInfoUpdateService do shutdown begin
[2022-02-15 15:52:24.479] [INFO ]: com.alibaba.nacos.common.utils.LoggerUtils.printIfInfoEnabled[60 line] - [c14024bf-3113-4422-ae99-d465e72a147f]receive server push request,request=NotifySubscriberRequest,requestId=37
[2022-02-15 15:52:24.480] [INFO ]: com.alibaba.nacos.client.naming.cache.ServiceInfoHolder.isChangedServiceInfo[241 line] - removed ips(1) service: DEFAULT_GROUP@@dynamic-datasource-core -> [{"ip":"172.16.0.246","port":8124,"weight":1.0,"healthy":true,"enabled":true,"ephemeral":true,"clusterName":"DEFAULT","serviceName":"DEFAULT_GROUP@@dynamic-datasource-core","metadata":{"preserved.register.source":"SPRING_CLOUD"},"instanceHeartBeatTimeOut":15000,"instanceHeartBeatInterval":5000,"ipDeleteTimeout":30000}]
[2022-02-15 15:52:24.480] [INFO ]: com.alibaba.nacos.client.naming.cache.ServiceInfoHolder.processServiceInfo[166 line] - current ips:(0) service: DEFAULT_GROUP@@dynamic-datasource-core -> []
[2022-02-15 15:52:24.481] [INFO ]: com.alibaba.nacos.common.utils.LoggerUtils.printIfInfoEnabled[60 line] - [c14024bf-3113-4422-ae99-d465e72a147f]ack server push request,request=NotifySubscriberRequest,requestId=37
[2022-02-15 15:52:24.496] [INFO ]: com.alibaba.nacos.client.naming.core.ServiceInfoUpdateService.shutdown[132 line] - com.alibaba.nacos.client.naming.core.ServiceInfoUpdateService do shutdown stop
[2022-02-15 15:52:24.497] [INFO ]: com.alibaba.nacos.client.naming.core.ServerListManager.shutdown[188 line] - com.alibaba.nacos.client.naming.core.ServerListManager do shutdown begin
[2022-02-15 15:52:24.497] [INFO ]: com.alibaba.nacos.client.naming.core.ServerListManager.shutdown[193 line] - com.alibaba.nacos.client.naming.core.ServerListManager do shutdown stop
[2022-02-15 15:52:24.498] [INFO ]: com.alibaba.nacos.client.naming.remote.http.NamingHttpClientProxy.shutdown[519 line] - com.alibaba.nacos.client.naming.remote.http.NamingHttpClientProxy do shutdown begin
[2022-02-15 15:52:24.498] [INFO ]: com.alibaba.nacos.client.naming.beat.BeatReactor.shutdown[162 line] - com.alibaba.nacos.client.naming.beat.BeatReactor do shutdown begin
[2022-02-15 15:52:24.498] [INFO ]: com.alibaba.nacos.client.naming.beat.BeatReactor.shutdown[164 line] - com.alibaba.nacos.client.naming.beat.BeatReactor do shutdown stop
[2022-02-15 15:52:24.498] [INFO ]: com.alibaba.nacos.client.identify.CredentialWatcher.stop[105 line] - [null] CredentialWatcher is stopped
[2022-02-15 15:52:24.498] [INFO ]: com.alibaba.nacos.client.identify.CredentialService.free[99 line] - [null] CredentialService is freed
[2022-02-15 15:52:24.499] [INFO ]: com.alibaba.nacos.client.naming.remote.http.NamingHttpClientProxy.shutdown[523 line] - com.alibaba.nacos.client.naming.remote.http.NamingHttpClientProxy do shutdown stop
[2022-02-15 15:52:24.499] [INFO ]: com.alibaba.nacos.common.remote.client.RpcClient.shutdown[461 line] - Shutdown rpc client ,set status to shutdown
[2022-02-15 15:52:24.499] [INFO ]: com.alibaba.nacos.common.remote.client.RpcClient.shutdown[463 line] - Shutdown  client event executor java.util.concurrent.ScheduledThreadPoolExecutor@2085b8f7[Running, pool size = 2, active threads = 2, queued tasks = 0, completed tasks = 0]
[2022-02-15 15:52:24.499] [INFO ]: com.alibaba.nacos.common.remote.client.RpcClient.shutdown[465 line] - Close current connection 1644911538797_172.16.0.246_54654
[2022-02-15 15:52:24.502] [INFO ]: com.alibaba.nacos.common.utils.LoggerUtils.printIfInfoEnabled[60 line] - [1644911538797_172.16.0.246_54654]Ignore complete event,isRunning:false,isAbandon=false
[2022-02-15 15:52:24.510] [INFO ]: com.alibaba.nacos.common.remote.client.grpc.GrpcClient.shutdown[83 line] - Shutdown grpc executor java.util.concurrent.ThreadPoolExecutor@34324139[Running, pool size = 16, active threads = 0, queued tasks = 0, completed tasks = 16]
[2022-02-15 15:52:24.510] [INFO ]: com.alibaba.nacos.client.naming.remote.gprc.redo.NamingGrpcRedoService.shutdown[251 line] - Shutdown grpc redo service executor java.util.concurrent.ScheduledThreadPoolExecutor@4f32a24b[Running, pool size = 1, active threads = 0, queued tasks = 1, completed tasks = 1]
[2022-02-15 15:52:24.513] [INFO ]: com.alibaba.nacos.client.naming.remote.NamingClientProxyDelegate.shutdown[182 line] - com.alibaba.nacos.client.naming.remote.NamingClientProxyDelegate do shutdown stop
[2022-02-15 15:53:04.550] [INFO ]: org.reflections.Reflections.scan[232 line] - Reflections took 90 ms to scan 1 urls, producing 3 keys and 6 values 
[2022-02-15 15:53:04.625] [INFO ]: org.reflections.Reflections.scan[232 line] - Reflections took 45 ms to scan 1 urls, producing 4 keys and 9 values 
[2022-02-15 15:53:04.699] [INFO ]: org.reflections.Reflections.scan[232 line] - Reflections took 45 ms to scan 1 urls, producing 3 keys and 10 values 
[2022-02-15 15:53:04.715] [INFO ]: org.reflections.Reflections.scan[232 line] - Reflections took 11 ms to scan 1 urls, producing 1 keys and 5 values 
[2022-02-15 15:53:04.740] [INFO ]: org.reflections.Reflections.scan[232 line] - Reflections took 20 ms to scan 1 urls, producing 1 keys and 7 values 
[2022-02-15 15:53:04.756] [INFO ]: org.reflections.Reflections.scan[232 line] - Reflections took 11 ms to scan 1 urls, producing 2 keys and 8 values 
[2022-02-15 15:53:06.932] [INFO ]: org.springframework.boot.SpringApplication.logStartupProfileInfo[652 line] - The following profiles are active: test
[2022-02-15 15:53:10.594] [INFO ]: org.apache.juli.logging.DirectJDKLog.log[173 line] - Initializing ProtocolHandler ["http-nio-8124"]
[2022-02-15 15:53:10.594] [INFO ]: org.apache.juli.logging.DirectJDKLog.log[173 line] - Starting service [Tomcat]
[2022-02-15 15:53:10.595] [INFO ]: org.apache.juli.logging.DirectJDKLog.log[173 line] - Starting Servlet engine: [Apache Tomcat/9.0.46]
[2022-02-15 15:53:10.840] [INFO ]: org.apache.juli.logging.DirectJDKLog.log[173 line] - Initializing Spring embedded WebApplicationContext
[2022-02-15 15:53:18.637] [INFO ]: com.alibaba.nacos.client.naming.utils.InitUtils.initNamespaceForNaming[63 line] - initializer namespace from System Property : null
[2022-02-15 15:53:18.638] [INFO ]: com.alibaba.nacos.client.naming.utils.InitUtils$1.call[69 line] - initializer namespace from System Environment :null
[2022-02-15 15:53:18.639] [INFO ]: com.alibaba.nacos.client.naming.utils.InitUtils$2.call[79 line] - initializer namespace from System Property :null
[2022-02-15 15:53:18.710] [INFO ]: com.alibaba.nacos.common.remote.client.RpcClientFactory.lambda$createClient$0[77 line] - [RpcClientFactory] create a new rpc client of 2dd98b1e-424e-43ad-a0bf-556c3a090e0e
[2022-02-15 15:53:18.711] [INFO ]: com.alibaba.nacos.common.utils.LoggerUtils.printIfInfoEnabled[60 line] - [2dd98b1e-424e-43ad-a0bf-556c3a090e0e]RpcClient init label, labels={module=naming, source=sdk}
[2022-02-15 15:53:18.718] [INFO ]: com.alibaba.nacos.common.utils.LoggerUtils.printIfInfoEnabled[60 line] - [2dd98b1e-424e-43ad-a0bf-556c3a090e0e]RpcClient init, ServerListFactory =com.alibaba.nacos.client.naming.core.ServerListManager
[2022-02-15 15:53:18.718] [INFO ]: com.alibaba.nacos.common.utils.LoggerUtils.printIfInfoEnabled[60 line] - [2dd98b1e-424e-43ad-a0bf-556c3a090e0e]Registry connection listener to current client:com.alibaba.nacos.client.naming.remote.gprc.redo.NamingGrpcRedoService
[2022-02-15 15:53:18.719] [INFO ]: com.alibaba.nacos.common.utils.LoggerUtils.printIfInfoEnabled[60 line] - [2dd98b1e-424e-43ad-a0bf-556c3a090e0e]Register server push request handler:com.alibaba.nacos.client.naming.remote.gprc.NamingPushRequestHandler
[2022-02-15 15:53:18.720] [INFO ]: com.alibaba.nacos.common.utils.LoggerUtils.printIfInfoEnabled[60 line] - [2dd98b1e-424e-43ad-a0bf-556c3a090e0e] Try to connect to server on start up, server: {serverIp='172.16.0.35', server main port=8848}
[2022-02-15 15:53:19.058] [INFO ]: com.alibaba.nacos.common.utils.LoggerUtils.printIfInfoEnabled[60 line] - [2dd98b1e-424e-43ad-a0bf-556c3a090e0e] Success to connect to server [172.16.0.35:8848] on start up,connectionId=1644911596710_172.16.0.246_54719
[2022-02-15 15:53:19.059] [INFO ]: com.alibaba.nacos.common.utils.LoggerUtils.printIfInfoEnabled[60 line] - [2dd98b1e-424e-43ad-a0bf-556c3a090e0e]Register server push request handler:com.alibaba.nacos.common.remote.client.RpcClient$ConnectResetRequestHandler
[2022-02-15 15:53:19.059] [INFO ]: com.alibaba.nacos.common.utils.LoggerUtils.printIfInfoEnabled[60 line] - [2dd98b1e-424e-43ad-a0bf-556c3a090e0e]Register server push request handler:com.alibaba.nacos.common.remote.client.RpcClient$4
[2022-02-15 15:53:19.138] [INFO ]: com.alibaba.nacos.common.utils.LoggerUtils.printIfInfoEnabled[60 line] - [2dd98b1e-424e-43ad-a0bf-556c3a090e0e]Notify connected event to listeners.
[2022-02-15 15:53:19.140] [INFO ]: com.alibaba.nacos.client.naming.remote.gprc.redo.NamingGrpcRedoService.onConnected[76 line] - Grpc connection connect
[2022-02-15 15:53:19.747] [INFO ]: springfox.documentation.spring.web.PropertySourcedRequestMappingHandlerMapping.initHandlerMethods[69 line] - Mapped URL path [/v2/api-docs] onto method [springfox.documentation.swagger2.web.Swagger2Controller#getDocumentation(String, HttpServletRequest)]
[2022-02-15 15:53:19.809] [INFO ]: com.netflix.config.sources.URLConfigurationSource.<init>[127 line] - To enable URLs as dynamic configuration sources, define System property archaius.configurationSource.additionalUrls or make config.properties available on classpath.
[2022-02-15 15:53:19.820] [INFO ]: com.netflix.config.sources.URLConfigurationSource.<init>[127 line] - To enable URLs as dynamic configuration sources, define System property archaius.configurationSource.additionalUrls or make config.properties available on classpath.
[2022-02-15 15:53:22.474] [INFO ]: com.alibaba.nacos.client.naming.cache.ServiceInfoHolder.isChangedServiceInfo[181 line] - init new ips(0) service: DEFAULT_GROUP@@dynamic-datasource-core@@DEFAULT -> []
[2022-02-15 15:53:22.491] [INFO ]: com.alibaba.nacos.client.naming.cache.ServiceInfoHolder.processServiceInfo[166 line] - current ips:(0) service: DEFAULT_GROUP@@dynamic-datasource-core@@DEFAULT -> []
[2022-02-15 15:53:22.601] [INFO ]: com.alibaba.nacos.client.naming.remote.gprc.NamingGrpcClientProxy.registerService[112 line] - [REGISTER-SERVICE] db7e9f2d-4b3c-4f8b-b1b1-696a1862112f registering service dynamic-datasource-core with instance Instance{instanceId='null', ip='172.16.0.246', port=8124, weight=1.0, healthy=true, enabled=true, ephemeral=true, clusterName='DEFAULT', serviceName='null', metadata={preserved.register.source=SPRING_CLOUD}}
[2022-02-15 15:53:22.629] [INFO ]: com.alibaba.cloud.nacos.registry.NacosServiceRegistry.register[75 line] - nacos registry, DEFAULT_GROUP dynamic-datasource-core 172.16.0.246:8124 register finished
[2022-02-15 15:53:23.096] [INFO ]: com.alibaba.nacos.common.utils.LoggerUtils.printIfInfoEnabled[60 line] - [2dd98b1e-424e-43ad-a0bf-556c3a090e0e]receive server push request,request=NotifySubscriberRequest,requestId=39
[2022-02-15 15:53:23.107] [INFO ]: com.alibaba.nacos.client.naming.cache.ServiceInfoHolder.isChangedServiceInfo[181 line] - init new ips(1) service: DEFAULT_GROUP@@dynamic-datasource-core -> [{"ip":"172.16.0.246","port":8124,"weight":1.0,"healthy":true,"enabled":true,"ephemeral":true,"clusterName":"DEFAULT","serviceName":"DEFAULT_GROUP@@dynamic-datasource-core","metadata":{"preserved.register.source":"SPRING_CLOUD"},"ipDeleteTimeout":30000,"instanceHeartBeatInterval":5000,"instanceHeartBeatTimeOut":15000}]
[2022-02-15 15:53:23.117] [INFO ]: com.alibaba.nacos.client.naming.cache.ServiceInfoHolder.processServiceInfo[166 line] - current ips:(1) service: DEFAULT_GROUP@@dynamic-datasource-core -> [{"ip":"172.16.0.246","port":8124,"weight":1.0,"healthy":true,"enabled":true,"ephemeral":true,"clusterName":"DEFAULT","serviceName":"DEFAULT_GROUP@@dynamic-datasource-core","metadata":{"preserved.register.source":"SPRING_CLOUD"},"ipDeleteTimeout":30000,"instanceHeartBeatInterval":5000,"instanceHeartBeatTimeOut":15000}]
[2022-02-15 15:53:23.118] [INFO ]: com.alibaba.nacos.common.utils.LoggerUtils.printIfInfoEnabled[60 line] - [2dd98b1e-424e-43ad-a0bf-556c3a090e0e]ack server push request,request=NotifySubscriberRequest,requestId=39
[2022-02-15 15:53:23.467] [INFO ]: com.alibaba.nacos.client.naming.cache.ServiceInfoHolder.isChangedServiceInfo[235 line] - new ips(1) service: DEFAULT_GROUP@@dynamic-datasource-core@@DEFAULT -> [{"ip":"172.16.0.246","port":8124,"weight":1.0,"healthy":true,"enabled":true,"ephemeral":true,"clusterName":"DEFAULT","serviceName":"DEFAULT_GROUP@@dynamic-datasource-core","metadata":{"preserved.register.source":"SPRING_CLOUD"},"ipDeleteTimeout":30000,"instanceHeartBeatInterval":5000,"instanceHeartBeatTimeOut":15000}]
[2022-02-15 15:53:23.468] [INFO ]: com.alibaba.nacos.client.naming.cache.ServiceInfoHolder.processServiceInfo[166 line] - current ips:(1) service: DEFAULT_GROUP@@dynamic-datasource-core@@DEFAULT -> [{"ip":"172.16.0.246","port":8124,"weight":1.0,"healthy":true,"enabled":true,"ephemeral":true,"clusterName":"DEFAULT","serviceName":"DEFAULT_GROUP@@dynamic-datasource-core","metadata":{"preserved.register.source":"SPRING_CLOUD"},"ipDeleteTimeout":30000,"instanceHeartBeatInterval":5000,"instanceHeartBeatTimeOut":15000}]
[2022-02-15 15:53:23.581] [INFO ]: springfox.documentation.spring.web.plugins.DocumentationPluginsBootstrapper.start[147 line] - Context refreshed
[2022-02-15 15:53:23.601] [INFO ]: springfox.documentation.spring.web.plugins.DocumentationPluginsBootstrapper.start[150 line] - Found 1 custom documentation plugin(s)
[2022-02-15 15:53:23.714] [INFO ]: springfox.documentation.spring.web.scanners.ApiListingReferenceScanner.scan[41 line] - Scanning for api listing references
[2022-02-15 15:53:23.762] [INFO ]: org.springframework.boot.StartupInfoLogger.logStarted[61 line] - Started DynamicDatasourceApplication in 22.209 seconds (JVM running for 25.104)
[2022-02-15 15:53:23.799] [INFO ]: com.alibaba.nacos.client.config.impl.ClientWorker.addCacheDataIfAbsent[384 line] - [config_rpc_client] [subscribe] dynamic-datasource-core-test.yml+DEFAULT_GROUP+db7e9f2d-4b3c-4f8b-b1b1-696a1862112f
[2022-02-15 15:53:23.801] [INFO ]: com.alibaba.nacos.client.config.impl.CacheData.addListener[173 line] - [config_rpc_client] [add-listener] ok, tenant=db7e9f2d-4b3c-4f8b-b1b1-696a1862112f, dataId=dynamic-datasource-core-test.yml, group=DEFAULT_GROUP, cnt=1
[2022-02-15 15:53:23.801] [INFO ]: com.alibaba.nacos.client.config.impl.ClientWorker.addCacheDataIfAbsent[384 line] - [config_rpc_client] [subscribe] dynamic-datasource-core+DEFAULT_GROUP+db7e9f2d-4b3c-4f8b-b1b1-696a1862112f
[2022-02-15 15:53:23.801] [INFO ]: com.alibaba.nacos.client.config.impl.CacheData.addListener[173 line] - [config_rpc_client] [add-listener] ok, tenant=db7e9f2d-4b3c-4f8b-b1b1-696a1862112f, dataId=dynamic-datasource-core, group=DEFAULT_GROUP, cnt=1
[2022-02-15 15:53:23.804] [INFO ]: com.alibaba.nacos.client.config.impl.ClientWorker.addCacheDataIfAbsent[384 line] - [config_rpc_client] [subscribe] dynamic-datasource-core.yml+DEFAULT_GROUP+db7e9f2d-4b3c-4f8b-b1b1-696a1862112f
[2022-02-15 15:53:23.804] [INFO ]: com.alibaba.nacos.client.config.impl.CacheData.addListener[173 line] - [config_rpc_client] [add-listener] ok, tenant=db7e9f2d-4b3c-4f8b-b1b1-696a1862112f, dataId=dynamic-datasource-core.yml, group=DEFAULT_GROUP, cnt=1
[2022-02-15 15:53:23.806] [INFO ]: org.example.DynamicDatasourceApplication.main[39 line] - 
----------------------------------------------------------
	应用 'dynamic-datasource-core' 运行成功! 访问连接:
	Swagger文档: 		http://172.16.0.246:8124/doc.html
	数据库监控: 		http://172.16.0.246:8124/druid
springboot监控：		http://{}:{}/actuator/beans在线apifox文档：		https://www.apipark.cn/s/3f4b91d7-462c-44e8-b885-ceb018029c29 访问密码：Q0Rehq3X----------------------------------------------------------
[2022-02-15 15:53:24.330] [INFO ]: com.alibaba.cloud.nacos.registry.NacosServiceRegistry.deregister[94 line] - De-registering from Nacos Server now...
[2022-02-15 15:53:24.330] [INFO ]: com.alibaba.nacos.client.naming.remote.gprc.NamingGrpcClientProxy.deregisterService[136 line] - [DEREGISTER-SERVICE] db7e9f2d-4b3c-4f8b-b1b1-696a1862112f deregistering service dynamic-datasource-core with instance: Instance{instanceId='null', ip='172.16.0.246', port=8124, weight=1.0, healthy=true, enabled=true, ephemeral=true, clusterName='DEFAULT', serviceName='null', metadata={}}
[2022-02-15 15:53:24.348] [INFO ]: com.alibaba.cloud.nacos.registry.NacosServiceRegistry.deregister[114 line] - De-registration finished.
[2022-02-15 15:53:24.350] [INFO ]: com.alibaba.nacos.client.naming.cache.ServiceInfoHolder.shutdown[256 line] - com.alibaba.nacos.client.naming.cache.ServiceInfoHolder do shutdown begin
[2022-02-15 15:53:24.350] [INFO ]: com.alibaba.nacos.client.naming.backups.FailoverReactor.shutdown[140 line] - com.alibaba.nacos.client.naming.backups.FailoverReactor do shutdown begin
[2022-02-15 15:53:24.652] [INFO ]: com.alibaba.nacos.client.naming.backups.FailoverReactor.shutdown[142 line] - com.alibaba.nacos.client.naming.backups.FailoverReactor do shutdown stop
[2022-02-15 15:53:24.652] [INFO ]: com.alibaba.nacos.client.naming.cache.ServiceInfoHolder.shutdown[258 line] - com.alibaba.nacos.client.naming.cache.ServiceInfoHolder do shutdown stop
[2022-02-15 15:53:24.653] [INFO ]: com.alibaba.nacos.client.naming.remote.NamingClientProxyDelegate.shutdown[176 line] - com.alibaba.nacos.client.naming.remote.NamingClientProxyDelegate do shutdown begin
[2022-02-15 15:53:24.653] [INFO ]: com.alibaba.nacos.client.naming.core.ServiceInfoUpdateService.shutdown[130 line] - com.alibaba.nacos.client.naming.core.ServiceInfoUpdateService do shutdown begin
[2022-02-15 15:53:24.923] [INFO ]: com.alibaba.nacos.common.utils.LoggerUtils.printIfInfoEnabled[60 line] - [2dd98b1e-424e-43ad-a0bf-556c3a090e0e]receive server push request,request=NotifySubscriberRequest,requestId=41
[2022-02-15 15:53:24.924] [INFO ]: com.alibaba.nacos.client.naming.cache.ServiceInfoHolder.isChangedServiceInfo[241 line] - removed ips(1) service: DEFAULT_GROUP@@dynamic-datasource-core -> [{"ip":"172.16.0.246","port":8124,"weight":1.0,"healthy":true,"enabled":true,"ephemeral":true,"clusterName":"DEFAULT","serviceName":"DEFAULT_GROUP@@dynamic-datasource-core","metadata":{"preserved.register.source":"SPRING_CLOUD"},"ipDeleteTimeout":30000,"instanceHeartBeatInterval":5000,"instanceHeartBeatTimeOut":15000}]
[2022-02-15 15:53:24.924] [INFO ]: com.alibaba.nacos.client.naming.cache.ServiceInfoHolder.processServiceInfo[166 line] - current ips:(0) service: DEFAULT_GROUP@@dynamic-datasource-core -> []
[2022-02-15 15:53:24.925] [INFO ]: com.alibaba.nacos.common.utils.LoggerUtils.printIfInfoEnabled[60 line] - [2dd98b1e-424e-43ad-a0bf-556c3a090e0e]ack server push request,request=NotifySubscriberRequest,requestId=41
[2022-02-15 15:53:24.955] [INFO ]: com.alibaba.nacos.client.naming.core.ServiceInfoUpdateService.shutdown[132 line] - com.alibaba.nacos.client.naming.core.ServiceInfoUpdateService do shutdown stop
[2022-02-15 15:53:24.955] [INFO ]: com.alibaba.nacos.client.naming.core.ServerListManager.shutdown[188 line] - com.alibaba.nacos.client.naming.core.ServerListManager do shutdown begin
[2022-02-15 15:53:24.956] [INFO ]: com.alibaba.nacos.client.naming.core.ServerListManager.shutdown[193 line] - com.alibaba.nacos.client.naming.core.ServerListManager do shutdown stop
[2022-02-15 15:53:24.956] [INFO ]: com.alibaba.nacos.client.naming.remote.http.NamingHttpClientProxy.shutdown[519 line] - com.alibaba.nacos.client.naming.remote.http.NamingHttpClientProxy do shutdown begin
[2022-02-15 15:53:24.956] [INFO ]: com.alibaba.nacos.client.naming.beat.BeatReactor.shutdown[162 line] - com.alibaba.nacos.client.naming.beat.BeatReactor do shutdown begin
[2022-02-15 15:53:24.956] [INFO ]: com.alibaba.nacos.client.naming.beat.BeatReactor.shutdown[164 line] - com.alibaba.nacos.client.naming.beat.BeatReactor do shutdown stop
[2022-02-15 15:53:24.957] [INFO ]: com.alibaba.nacos.client.identify.CredentialWatcher.stop[105 line] - [null] CredentialWatcher is stopped
[2022-02-15 15:53:24.957] [INFO ]: com.alibaba.nacos.client.identify.CredentialService.free[99 line] - [null] CredentialService is freed
[2022-02-15 15:53:24.957] [INFO ]: com.alibaba.nacos.client.naming.remote.http.NamingHttpClientProxy.shutdown[523 line] - com.alibaba.nacos.client.naming.remote.http.NamingHttpClientProxy do shutdown stop
[2022-02-15 15:53:24.957] [INFO ]: com.alibaba.nacos.common.remote.client.RpcClient.shutdown[461 line] - Shutdown rpc client ,set status to shutdown
[2022-02-15 15:53:24.957] [INFO ]: com.alibaba.nacos.common.remote.client.RpcClient.shutdown[463 line] - Shutdown  client event executor java.util.concurrent.ScheduledThreadPoolExecutor@7ef6fa3f[Running, pool size = 2, active threads = 2, queued tasks = 0, completed tasks = 0]
[2022-02-15 15:53:24.958] [INFO ]: com.alibaba.nacos.common.remote.client.RpcClient.shutdown[465 line] - Close current connection 1644911596710_172.16.0.246_54719
[2022-02-15 15:53:24.963] [INFO ]: com.alibaba.nacos.common.utils.LoggerUtils.printIfInfoEnabled[60 line] - [1644911596710_172.16.0.246_54719]Ignore complete event,isRunning:false,isAbandon=false
[2022-02-15 15:53:24.965] [INFO ]: com.alibaba.nacos.common.remote.client.grpc.GrpcClient.shutdown[83 line] - Shutdown grpc executor java.util.concurrent.ThreadPoolExecutor@724b0eb5[Running, pool size = 14, active threads = 0, queued tasks = 0, completed tasks = 14]
[2022-02-15 15:53:24.966] [INFO ]: com.alibaba.nacos.client.naming.remote.gprc.redo.NamingGrpcRedoService.shutdown[251 line] - Shutdown grpc redo service executor java.util.concurrent.ScheduledThreadPoolExecutor@24c9a519[Running, pool size = 1, active threads = 0, queued tasks = 1, completed tasks = 2]
[2022-02-15 15:53:24.967] [INFO ]: com.alibaba.nacos.client.naming.remote.NamingClientProxyDelegate.shutdown[182 line] - com.alibaba.nacos.client.naming.remote.NamingClientProxyDelegate do shutdown stop
[2022-02-15 15:55:52.434] [INFO ]: org.reflections.Reflections.scan[232 line] - Reflections took 92 ms to scan 1 urls, producing 3 keys and 6 values 
[2022-02-15 15:55:52.498] [INFO ]: org.reflections.Reflections.scan[232 line] - Reflections took 27 ms to scan 1 urls, producing 4 keys and 9 values 
[2022-02-15 15:55:52.519] [INFO ]: org.reflections.Reflections.scan[232 line] - Reflections took 15 ms to scan 1 urls, producing 3 keys and 10 values 
[2022-02-15 15:55:52.542] [INFO ]: org.reflections.Reflections.scan[232 line] - Reflections took 17 ms to scan 1 urls, producing 1 keys and 5 values 
[2022-02-15 15:55:52.560] [INFO ]: org.reflections.Reflections.scan[232 line] - Reflections took 11 ms to scan 1 urls, producing 1 keys and 7 values 
[2022-02-15 15:55:52.576] [INFO ]: org.reflections.Reflections.scan[232 line] - Reflections took 11 ms to scan 1 urls, producing 2 keys and 8 values 
[2022-02-15 15:55:54.897] [INFO ]: org.springframework.boot.SpringApplication.logStartupProfileInfo[652 line] - The following profiles are active: test
[2022-02-15 15:55:58.960] [INFO ]: org.apache.juli.logging.DirectJDKLog.log[173 line] - Initializing ProtocolHandler ["http-nio-8124"]
[2022-02-15 15:55:58.961] [INFO ]: org.apache.juli.logging.DirectJDKLog.log[173 line] - Starting service [Tomcat]
[2022-02-15 15:55:58.961] [INFO ]: org.apache.juli.logging.DirectJDKLog.log[173 line] - Starting Servlet engine: [Apache Tomcat/9.0.46]
[2022-02-15 15:55:59.568] [INFO ]: org.apache.juli.logging.DirectJDKLog.log[173 line] - Initializing Spring embedded WebApplicationContext
[2022-02-15 15:56:05.120] [INFO ]: com.alibaba.nacos.client.naming.utils.InitUtils.initNamespaceForNaming[63 line] - initializer namespace from System Property : null
[2022-02-15 15:56:05.121] [INFO ]: com.alibaba.nacos.client.naming.utils.InitUtils$1.call[69 line] - initializer namespace from System Environment :null
[2022-02-15 15:56:05.122] [INFO ]: com.alibaba.nacos.client.naming.utils.InitUtils$2.call[79 line] - initializer namespace from System Property :null
[2022-02-15 15:56:05.157] [INFO ]: com.alibaba.nacos.common.remote.client.RpcClientFactory.lambda$createClient$0[77 line] - [RpcClientFactory] create a new rpc client of e9597db1-eb30-49fb-bf80-ac22f7a44e95
[2022-02-15 15:56:05.158] [INFO ]: com.alibaba.nacos.common.utils.LoggerUtils.printIfInfoEnabled[60 line] - [e9597db1-eb30-49fb-bf80-ac22f7a44e95]RpcClient init label, labels={module=naming, source=sdk}
[2022-02-15 15:56:05.161] [INFO ]: com.alibaba.nacos.common.utils.LoggerUtils.printIfInfoEnabled[60 line] - [e9597db1-eb30-49fb-bf80-ac22f7a44e95]RpcClient init, ServerListFactory =com.alibaba.nacos.client.naming.core.ServerListManager
[2022-02-15 15:56:05.167] [INFO ]: com.alibaba.nacos.common.utils.LoggerUtils.printIfInfoEnabled[60 line] - [e9597db1-eb30-49fb-bf80-ac22f7a44e95]Registry connection listener to current client:com.alibaba.nacos.client.naming.remote.gprc.redo.NamingGrpcRedoService
[2022-02-15 15:56:05.168] [INFO ]: com.alibaba.nacos.common.utils.LoggerUtils.printIfInfoEnabled[60 line] - [e9597db1-eb30-49fb-bf80-ac22f7a44e95]Register server push request handler:com.alibaba.nacos.client.naming.remote.gprc.NamingPushRequestHandler
[2022-02-15 15:56:05.169] [INFO ]: com.alibaba.nacos.common.utils.LoggerUtils.printIfInfoEnabled[60 line] - [e9597db1-eb30-49fb-bf80-ac22f7a44e95] Try to connect to server on start up, server: {serverIp='172.16.0.35', server main port=8848}
[2022-02-15 15:56:05.336] [INFO ]: com.alibaba.nacos.common.utils.LoggerUtils.printIfInfoEnabled[60 line] - [e9597db1-eb30-49fb-bf80-ac22f7a44e95] Success to connect to server [172.16.0.35:8848] on start up,connectionId=1644911763120_172.16.0.246_54803
[2022-02-15 15:56:05.337] [INFO ]: com.alibaba.nacos.common.utils.LoggerUtils.printIfInfoEnabled[60 line] - [e9597db1-eb30-49fb-bf80-ac22f7a44e95]Register server push request handler:com.alibaba.nacos.common.remote.client.RpcClient$ConnectResetRequestHandler
[2022-02-15 15:56:05.338] [INFO ]: com.alibaba.nacos.common.utils.LoggerUtils.printIfInfoEnabled[60 line] - [e9597db1-eb30-49fb-bf80-ac22f7a44e95]Register server push request handler:com.alibaba.nacos.common.remote.client.RpcClient$4
[2022-02-15 15:56:05.346] [INFO ]: com.alibaba.nacos.common.utils.LoggerUtils.printIfInfoEnabled[60 line] - [e9597db1-eb30-49fb-bf80-ac22f7a44e95]Notify connected event to listeners.
[2022-02-15 15:56:05.348] [INFO ]: com.alibaba.nacos.client.naming.remote.gprc.redo.NamingGrpcRedoService.onConnected[76 line] - Grpc connection connect
[2022-02-15 15:56:05.989] [INFO ]: springfox.documentation.spring.web.PropertySourcedRequestMappingHandlerMapping.initHandlerMethods[69 line] - Mapped URL path [/v2/api-docs] onto method [springfox.documentation.swagger2.web.Swagger2Controller#getDocumentation(String, HttpServletRequest)]
[2022-02-15 15:56:06.030] [INFO ]: com.netflix.config.sources.URLConfigurationSource.<init>[127 line] - To enable URLs as dynamic configuration sources, define System property archaius.configurationSource.additionalUrls or make config.properties available on classpath.
[2022-02-15 15:56:06.040] [INFO ]: com.netflix.config.sources.URLConfigurationSource.<init>[127 line] - To enable URLs as dynamic configuration sources, define System property archaius.configurationSource.additionalUrls or make config.properties available on classpath.
[2022-02-15 15:56:07.649] [INFO ]: com.alibaba.nacos.client.naming.cache.ServiceInfoHolder.isChangedServiceInfo[181 line] - init new ips(0) service: DEFAULT_GROUP@@dynamic-datasource-core@@DEFAULT -> []
[2022-02-15 15:56:07.666] [INFO ]: com.alibaba.nacos.client.naming.cache.ServiceInfoHolder.processServiceInfo[166 line] - current ips:(0) service: DEFAULT_GROUP@@dynamic-datasource-core@@DEFAULT -> []
[2022-02-15 15:56:07.727] [INFO ]: com.alibaba.nacos.client.naming.remote.gprc.NamingGrpcClientProxy.registerService[112 line] - [REGISTER-SERVICE] db7e9f2d-4b3c-4f8b-b1b1-696a1862112f registering service dynamic-datasource-core with instance Instance{instanceId='null', ip='172.16.0.246', port=8124, weight=1.0, healthy=true, enabled=true, ephemeral=true, clusterName='DEFAULT', serviceName='null', metadata={preserved.register.source=SPRING_CLOUD}}
[2022-02-15 15:56:07.745] [INFO ]: com.alibaba.cloud.nacos.registry.NacosServiceRegistry.register[75 line] - nacos registry, DEFAULT_GROUP dynamic-datasource-core 172.16.0.246:8124 register finished
[2022-02-15 15:56:08.073] [INFO ]: springfox.documentation.spring.web.plugins.DocumentationPluginsBootstrapper.start[147 line] - Context refreshed
[2022-02-15 15:56:08.093] [INFO ]: springfox.documentation.spring.web.plugins.DocumentationPluginsBootstrapper.start[150 line] - Found 1 custom documentation plugin(s)
[2022-02-15 15:56:08.196] [INFO ]: springfox.documentation.spring.web.scanners.ApiListingReferenceScanner.scan[41 line] - Scanning for api listing references
[2022-02-15 15:56:08.206] [INFO ]: com.alibaba.nacos.common.utils.LoggerUtils.printIfInfoEnabled[60 line] - [e9597db1-eb30-49fb-bf80-ac22f7a44e95]receive server push request,request=NotifySubscriberRequest,requestId=44
[2022-02-15 15:56:08.223] [INFO ]: com.alibaba.nacos.client.naming.cache.ServiceInfoHolder.isChangedServiceInfo[181 line] - init new ips(1) service: DEFAULT_GROUP@@dynamic-datasource-core -> [{"ip":"172.16.0.246","port":8124,"weight":1.0,"healthy":true,"enabled":true,"ephemeral":true,"clusterName":"DEFAULT","serviceName":"DEFAULT_GROUP@@dynamic-datasource-core","metadata":{"preserved.register.source":"SPRING_CLOUD"},"instanceHeartBeatTimeOut":15000,"instanceHeartBeatInterval":5000,"ipDeleteTimeout":30000}]
[2022-02-15 15:56:08.225] [INFO ]: com.alibaba.nacos.client.naming.cache.ServiceInfoHolder.processServiceInfo[166 line] - current ips:(1) service: DEFAULT_GROUP@@dynamic-datasource-core -> [{"ip":"172.16.0.246","port":8124,"weight":1.0,"healthy":true,"enabled":true,"ephemeral":true,"clusterName":"DEFAULT","serviceName":"DEFAULT_GROUP@@dynamic-datasource-core","metadata":{"preserved.register.source":"SPRING_CLOUD"},"instanceHeartBeatTimeOut":15000,"instanceHeartBeatInterval":5000,"ipDeleteTimeout":30000}]
[2022-02-15 15:56:08.231] [INFO ]: com.alibaba.nacos.common.utils.LoggerUtils.printIfInfoEnabled[60 line] - [e9597db1-eb30-49fb-bf80-ac22f7a44e95]ack server push request,request=NotifySubscriberRequest,requestId=44
[2022-02-15 15:56:08.263] [INFO ]: org.springframework.boot.StartupInfoLogger.logStarted[61 line] - Started DynamicDatasourceApplication in 18.638 seconds (JVM running for 21.316)
[2022-02-15 15:56:08.278] [INFO ]: com.alibaba.nacos.client.config.impl.ClientWorker.addCacheDataIfAbsent[384 line] - [config_rpc_client] [subscribe] dynamic-datasource-core-test.yml+DEFAULT_GROUP+db7e9f2d-4b3c-4f8b-b1b1-696a1862112f
[2022-02-15 15:56:08.280] [INFO ]: com.alibaba.nacos.client.config.impl.CacheData.addListener[173 line] - [config_rpc_client] [add-listener] ok, tenant=db7e9f2d-4b3c-4f8b-b1b1-696a1862112f, dataId=dynamic-datasource-core-test.yml, group=DEFAULT_GROUP, cnt=1
[2022-02-15 15:56:08.280] [INFO ]: com.alibaba.nacos.client.config.impl.ClientWorker.addCacheDataIfAbsent[384 line] - [config_rpc_client] [subscribe] dynamic-datasource-core+DEFAULT_GROUP+db7e9f2d-4b3c-4f8b-b1b1-696a1862112f
[2022-02-15 15:56:08.280] [INFO ]: com.alibaba.nacos.client.config.impl.CacheData.addListener[173 line] - [config_rpc_client] [add-listener] ok, tenant=db7e9f2d-4b3c-4f8b-b1b1-696a1862112f, dataId=dynamic-datasource-core, group=DEFAULT_GROUP, cnt=1
[2022-02-15 15:56:08.282] [INFO ]: com.alibaba.nacos.client.config.impl.ClientWorker.addCacheDataIfAbsent[384 line] - [config_rpc_client] [subscribe] dynamic-datasource-core.yml+DEFAULT_GROUP+db7e9f2d-4b3c-4f8b-b1b1-696a1862112f
[2022-02-15 15:56:08.283] [INFO ]: com.alibaba.nacos.client.config.impl.CacheData.addListener[173 line] - [config_rpc_client] [add-listener] ok, tenant=db7e9f2d-4b3c-4f8b-b1b1-696a1862112f, dataId=dynamic-datasource-core.yml, group=DEFAULT_GROUP, cnt=1
[2022-02-15 15:56:08.286] [INFO ]: org.example.DynamicDatasourceApplication.main[39 line] - 
----------------------------------------------------------
	应用 'dynamic-datasource-core' 运行成功! 访问连接:
	Swagger文档: 		http://172.16.0.246:8124/doc.html
	数据库监控: 		http://172.16.0.246:8124/druid
springboot监控：		http://{}:{}/actuator/beans在线apifox文档：		https://www.apipark.cn/s/3f4b91d7-462c-44e8-b885-ceb018029c29 访问密码：Q0Rehq3X----------------------------------------------------------
[2022-02-15 15:56:08.630] [INFO ]: com.alibaba.nacos.client.naming.cache.ServiceInfoHolder.isChangedServiceInfo[235 line] - new ips(1) service: DEFAULT_GROUP@@dynamic-datasource-core@@DEFAULT -> [{"ip":"172.16.0.246","port":8124,"weight":1.0,"healthy":true,"enabled":true,"ephemeral":true,"clusterName":"DEFAULT","serviceName":"DEFAULT_GROUP@@dynamic-datasource-core","metadata":{"preserved.register.source":"SPRING_CLOUD"},"instanceHeartBeatTimeOut":15000,"instanceHeartBeatInterval":5000,"ipDeleteTimeout":30000}]
[2022-02-15 15:56:08.632] [INFO ]: com.alibaba.nacos.client.naming.cache.ServiceInfoHolder.processServiceInfo[166 line] - current ips:(1) service: DEFAULT_GROUP@@dynamic-datasource-core@@DEFAULT -> [{"ip":"172.16.0.246","port":8124,"weight":1.0,"healthy":true,"enabled":true,"ephemeral":true,"clusterName":"DEFAULT","serviceName":"DEFAULT_GROUP@@dynamic-datasource-core","metadata":{"preserved.register.source":"SPRING_CLOUD"},"instanceHeartBeatTimeOut":15000,"instanceHeartBeatInterval":5000,"ipDeleteTimeout":30000}]
[2022-02-15 15:56:08.766] [INFO ]: com.alibaba.cloud.nacos.registry.NacosServiceRegistry.deregister[94 line] - De-registering from Nacos Server now...
[2022-02-15 15:56:08.767] [INFO ]: com.alibaba.nacos.client.naming.remote.gprc.NamingGrpcClientProxy.deregisterService[136 line] - [DEREGISTER-SERVICE] db7e9f2d-4b3c-4f8b-b1b1-696a1862112f deregistering service dynamic-datasource-core with instance: Instance{instanceId='null', ip='172.16.0.246', port=8124, weight=1.0, healthy=true, enabled=true, ephemeral=true, clusterName='DEFAULT', serviceName='null', metadata={}}
[2022-02-15 15:56:08.784] [INFO ]: com.alibaba.cloud.nacos.registry.NacosServiceRegistry.deregister[114 line] - De-registration finished.
[2022-02-15 15:56:08.789] [INFO ]: com.alibaba.nacos.client.naming.cache.ServiceInfoHolder.shutdown[256 line] - com.alibaba.nacos.client.naming.cache.ServiceInfoHolder do shutdown begin
[2022-02-15 15:56:08.789] [INFO ]: com.alibaba.nacos.client.naming.backups.FailoverReactor.shutdown[140 line] - com.alibaba.nacos.client.naming.backups.FailoverReactor do shutdown begin
[2022-02-15 15:56:09.097] [INFO ]: com.alibaba.nacos.client.naming.backups.FailoverReactor.shutdown[142 line] - com.alibaba.nacos.client.naming.backups.FailoverReactor do shutdown stop
[2022-02-15 15:56:09.098] [INFO ]: com.alibaba.nacos.client.naming.cache.ServiceInfoHolder.shutdown[258 line] - com.alibaba.nacos.client.naming.cache.ServiceInfoHolder do shutdown stop
[2022-02-15 15:56:09.098] [INFO ]: com.alibaba.nacos.client.naming.remote.NamingClientProxyDelegate.shutdown[176 line] - com.alibaba.nacos.client.naming.remote.NamingClientProxyDelegate do shutdown begin
[2022-02-15 15:56:09.098] [INFO ]: com.alibaba.nacos.client.naming.core.ServiceInfoUpdateService.shutdown[130 line] - com.alibaba.nacos.client.naming.core.ServiceInfoUpdateService do shutdown begin
[2022-02-15 15:56:09.345] [INFO ]: com.alibaba.nacos.common.utils.LoggerUtils.printIfInfoEnabled[60 line] - [e9597db1-eb30-49fb-bf80-ac22f7a44e95]receive server push request,request=NotifySubscriberRequest,requestId=46
[2022-02-15 15:56:09.346] [INFO ]: com.alibaba.nacos.client.naming.cache.ServiceInfoHolder.isChangedServiceInfo[241 line] - removed ips(1) service: DEFAULT_GROUP@@dynamic-datasource-core -> [{"ip":"172.16.0.246","port":8124,"weight":1.0,"healthy":true,"enabled":true,"ephemeral":true,"clusterName":"DEFAULT","serviceName":"DEFAULT_GROUP@@dynamic-datasource-core","metadata":{"preserved.register.source":"SPRING_CLOUD"},"instanceHeartBeatTimeOut":15000,"instanceHeartBeatInterval":5000,"ipDeleteTimeout":30000}]
[2022-02-15 15:56:09.346] [INFO ]: com.alibaba.nacos.client.naming.cache.ServiceInfoHolder.processServiceInfo[166 line] - current ips:(0) service: DEFAULT_GROUP@@dynamic-datasource-core -> []
[2022-02-15 15:56:09.347] [INFO ]: com.alibaba.nacos.common.utils.LoggerUtils.printIfInfoEnabled[60 line] - [e9597db1-eb30-49fb-bf80-ac22f7a44e95]ack server push request,request=NotifySubscriberRequest,requestId=46
[2022-02-15 15:56:09.401] [INFO ]: com.alibaba.nacos.client.naming.core.ServiceInfoUpdateService.shutdown[132 line] - com.alibaba.nacos.client.naming.core.ServiceInfoUpdateService do shutdown stop
[2022-02-15 15:56:09.401] [INFO ]: com.alibaba.nacos.client.naming.core.ServerListManager.shutdown[188 line] - com.alibaba.nacos.client.naming.core.ServerListManager do shutdown begin
[2022-02-15 15:56:09.402] [INFO ]: com.alibaba.nacos.client.naming.core.ServerListManager.shutdown[193 line] - com.alibaba.nacos.client.naming.core.ServerListManager do shutdown stop
[2022-02-15 15:56:09.402] [INFO ]: com.alibaba.nacos.client.naming.remote.http.NamingHttpClientProxy.shutdown[519 line] - com.alibaba.nacos.client.naming.remote.http.NamingHttpClientProxy do shutdown begin
[2022-02-15 15:56:09.402] [INFO ]: com.alibaba.nacos.client.naming.beat.BeatReactor.shutdown[162 line] - com.alibaba.nacos.client.naming.beat.BeatReactor do shutdown begin
[2022-02-15 15:56:09.402] [INFO ]: com.alibaba.nacos.client.naming.beat.BeatReactor.shutdown[164 line] - com.alibaba.nacos.client.naming.beat.BeatReactor do shutdown stop
[2022-02-15 15:56:09.403] [INFO ]: com.alibaba.nacos.client.identify.CredentialWatcher.stop[105 line] - [null] CredentialWatcher is stopped
[2022-02-15 15:56:09.403] [INFO ]: com.alibaba.nacos.client.identify.CredentialService.free[99 line] - [null] CredentialService is freed
[2022-02-15 15:56:09.403] [INFO ]: com.alibaba.nacos.client.naming.remote.http.NamingHttpClientProxy.shutdown[523 line] - com.alibaba.nacos.client.naming.remote.http.NamingHttpClientProxy do shutdown stop
[2022-02-15 15:56:09.404] [INFO ]: com.alibaba.nacos.common.remote.client.RpcClient.shutdown[461 line] - Shutdown rpc client ,set status to shutdown
[2022-02-15 15:56:09.404] [INFO ]: com.alibaba.nacos.common.remote.client.RpcClient.shutdown[463 line] - Shutdown  client event executor java.util.concurrent.ScheduledThreadPoolExecutor@7a41c318[Running, pool size = 2, active threads = 2, queued tasks = 0, completed tasks = 0]
[2022-02-15 15:56:09.404] [INFO ]: com.alibaba.nacos.common.remote.client.RpcClient.shutdown[465 line] - Close current connection 1644911763120_172.16.0.246_54803
[2022-02-15 15:56:09.415] [INFO ]: com.alibaba.nacos.common.utils.LoggerUtils.printIfInfoEnabled[60 line] - [1644911763120_172.16.0.246_54803]Ignore complete event,isRunning:false,isAbandon=false
[2022-02-15 15:56:09.420] [INFO ]: com.alibaba.nacos.common.remote.client.grpc.GrpcClient.shutdown[83 line] - Shutdown grpc executor java.util.concurrent.ThreadPoolExecutor@37911d10[Running, pool size = 12, active threads = 1, queued tasks = 0, completed tasks = 11]
[2022-02-15 15:56:09.421] [INFO ]: com.alibaba.nacos.client.naming.remote.gprc.redo.NamingGrpcRedoService.shutdown[251 line] - Shutdown grpc redo service executor java.util.concurrent.ScheduledThreadPoolExecutor@56948e61[Running, pool size = 1, active threads = 0, queued tasks = 1, completed tasks = 1]
[2022-02-15 15:56:09.422] [INFO ]: com.alibaba.nacos.client.naming.remote.NamingClientProxyDelegate.shutdown[182 line] - com.alibaba.nacos.client.naming.remote.NamingClientProxyDelegate do shutdown stop
[2022-02-15 16:05:05.803] [INFO ]: org.reflections.Reflections.scan[232 line] - Reflections took 63 ms to scan 1 urls, producing 3 keys and 6 values 
[2022-02-15 16:05:05.872] [INFO ]: org.reflections.Reflections.scan[232 line] - Reflections took 29 ms to scan 1 urls, producing 4 keys and 9 values 
[2022-02-15 16:05:05.900] [INFO ]: org.reflections.Reflections.scan[232 line] - Reflections took 21 ms to scan 1 urls, producing 3 keys and 10 values 
[2022-02-15 16:05:05.930] [INFO ]: org.reflections.Reflections.scan[232 line] - Reflections took 23 ms to scan 1 urls, producing 1 keys and 5 values 
[2022-02-15 16:05:05.952] [INFO ]: org.reflections.Reflections.scan[232 line] - Reflections took 18 ms to scan 1 urls, producing 1 keys and 7 values 
[2022-02-15 16:05:05.973] [INFO ]: org.reflections.Reflections.scan[232 line] - Reflections took 15 ms to scan 1 urls, producing 2 keys and 8 values 
[2022-02-15 16:05:08.020] [INFO ]: org.springframework.boot.SpringApplication.logStartupProfileInfo[652 line] - The following profiles are active: test
[2022-02-15 16:05:11.939] [INFO ]: org.apache.juli.logging.DirectJDKLog.log[173 line] - Initializing ProtocolHandler ["http-nio-8124"]
[2022-02-15 16:05:11.940] [INFO ]: org.apache.juli.logging.DirectJDKLog.log[173 line] - Starting service [Tomcat]
[2022-02-15 16:05:11.940] [INFO ]: org.apache.juli.logging.DirectJDKLog.log[173 line] - Starting Servlet engine: [Apache Tomcat/9.0.46]
[2022-02-15 16:05:12.223] [INFO ]: org.apache.juli.logging.DirectJDKLog.log[173 line] - Initializing Spring embedded WebApplicationContext
[2022-02-15 16:05:18.137] [INFO ]: com.alibaba.nacos.client.naming.utils.InitUtils.initNamespaceForNaming[63 line] - initializer namespace from System Property : null
[2022-02-15 16:05:18.138] [INFO ]: com.alibaba.nacos.client.naming.utils.InitUtils$1.call[69 line] - initializer namespace from System Environment :null
[2022-02-15 16:05:18.139] [INFO ]: com.alibaba.nacos.client.naming.utils.InitUtils$2.call[79 line] - initializer namespace from System Property :null
[2022-02-15 16:05:18.186] [INFO ]: com.alibaba.nacos.common.remote.client.RpcClientFactory.lambda$createClient$0[77 line] - [RpcClientFactory] create a new rpc client of 87674646-d72b-473b-980b-9e62b9d5a8a8
[2022-02-15 16:05:18.187] [INFO ]: com.alibaba.nacos.common.utils.LoggerUtils.printIfInfoEnabled[60 line] - [87674646-d72b-473b-980b-9e62b9d5a8a8]RpcClient init label, labels={module=naming, source=sdk}
[2022-02-15 16:05:18.191] [INFO ]: com.alibaba.nacos.common.utils.LoggerUtils.printIfInfoEnabled[60 line] - [87674646-d72b-473b-980b-9e62b9d5a8a8]RpcClient init, ServerListFactory =com.alibaba.nacos.client.naming.core.ServerListManager
[2022-02-15 16:05:18.191] [INFO ]: com.alibaba.nacos.common.utils.LoggerUtils.printIfInfoEnabled[60 line] - [87674646-d72b-473b-980b-9e62b9d5a8a8]Registry connection listener to current client:com.alibaba.nacos.client.naming.remote.gprc.redo.NamingGrpcRedoService
[2022-02-15 16:05:18.192] [INFO ]: com.alibaba.nacos.common.utils.LoggerUtils.printIfInfoEnabled[60 line] - [87674646-d72b-473b-980b-9e62b9d5a8a8]Register server push request handler:com.alibaba.nacos.client.naming.remote.gprc.NamingPushRequestHandler
[2022-02-15 16:05:18.193] [INFO ]: com.alibaba.nacos.common.utils.LoggerUtils.printIfInfoEnabled[60 line] - [87674646-d72b-473b-980b-9e62b9d5a8a8] Try to connect to server on start up, server: {serverIp='172.16.0.35', server main port=8848}
[2022-02-15 16:05:18.353] [INFO ]: com.alibaba.nacos.common.utils.LoggerUtils.printIfInfoEnabled[60 line] - [87674646-d72b-473b-980b-9e62b9d5a8a8] Success to connect to server [172.16.0.35:8848] on start up,connectionId=1644912316141_172.16.0.246_55234
[2022-02-15 16:05:18.354] [INFO ]: com.alibaba.nacos.common.utils.LoggerUtils.printIfInfoEnabled[60 line] - [87674646-d72b-473b-980b-9e62b9d5a8a8]Register server push request handler:com.alibaba.nacos.common.remote.client.RpcClient$ConnectResetRequestHandler
[2022-02-15 16:05:18.354] [INFO ]: com.alibaba.nacos.common.utils.LoggerUtils.printIfInfoEnabled[60 line] - [87674646-d72b-473b-980b-9e62b9d5a8a8]Register server push request handler:com.alibaba.nacos.common.remote.client.RpcClient$4
[2022-02-15 16:05:18.361] [INFO ]: com.alibaba.nacos.common.utils.LoggerUtils.printIfInfoEnabled[60 line] - [87674646-d72b-473b-980b-9e62b9d5a8a8]Notify connected event to listeners.
[2022-02-15 16:05:18.552] [INFO ]: com.alibaba.nacos.client.naming.remote.gprc.redo.NamingGrpcRedoService.onConnected[76 line] - Grpc connection connect
[2022-02-15 16:05:18.928] [INFO ]: springfox.documentation.spring.web.PropertySourcedRequestMappingHandlerMapping.initHandlerMethods[69 line] - Mapped URL path [/v2/api-docs] onto method [springfox.documentation.swagger2.web.Swagger2Controller#getDocumentation(String, HttpServletRequest)]
[2022-02-15 16:05:18.974] [INFO ]: com.netflix.config.sources.URLConfigurationSource.<init>[127 line] - To enable URLs as dynamic configuration sources, define System property archaius.configurationSource.additionalUrls or make config.properties available on classpath.
[2022-02-15 16:05:18.985] [INFO ]: com.netflix.config.sources.URLConfigurationSource.<init>[127 line] - To enable URLs as dynamic configuration sources, define System property archaius.configurationSource.additionalUrls or make config.properties available on classpath.
[2022-02-15 16:05:20.550] [INFO ]: com.alibaba.nacos.client.naming.cache.ServiceInfoHolder.isChangedServiceInfo[181 line] - init new ips(0) service: DEFAULT_GROUP@@dynamic-datasource-core@@DEFAULT -> []
[2022-02-15 16:05:20.569] [INFO ]: com.alibaba.nacos.client.naming.cache.ServiceInfoHolder.processServiceInfo[166 line] - current ips:(0) service: DEFAULT_GROUP@@dynamic-datasource-core@@DEFAULT -> []
[2022-02-15 16:05:20.579] [INFO ]: org.apache.juli.logging.DirectJDKLog.log[173 line] - Starting ProtocolHandler ["http-nio-8124"]
[2022-02-15 16:05:20.621] [INFO ]: com.alibaba.nacos.client.naming.remote.gprc.NamingGrpcClientProxy.registerService[112 line] - [REGISTER-SERVICE] db7e9f2d-4b3c-4f8b-b1b1-696a1862112f registering service dynamic-datasource-core with instance Instance{instanceId='null', ip='172.16.0.246', port=8124, weight=1.0, healthy=true, enabled=true, ephemeral=true, clusterName='DEFAULT', serviceName='null', metadata={preserved.register.source=SPRING_CLOUD}}
[2022-02-15 16:05:20.633] [INFO ]: com.alibaba.cloud.nacos.registry.NacosServiceRegistry.register[75 line] - nacos registry, DEFAULT_GROUP dynamic-datasource-core 172.16.0.246:8124 register finished
[2022-02-15 16:05:20.897] [INFO ]: springfox.documentation.spring.web.plugins.DocumentationPluginsBootstrapper.start[147 line] - Context refreshed
[2022-02-15 16:05:20.919] [INFO ]: springfox.documentation.spring.web.plugins.DocumentationPluginsBootstrapper.start[150 line] - Found 1 custom documentation plugin(s)
[2022-02-15 16:05:21.014] [INFO ]: springfox.documentation.spring.web.scanners.ApiListingReferenceScanner.scan[41 line] - Scanning for api listing references
[2022-02-15 16:05:21.054] [INFO ]: org.springframework.boot.StartupInfoLogger.logStarted[61 line] - Started DynamicDatasourceApplication in 18.209 seconds (JVM running for 21.011)
[2022-02-15 16:05:21.073] [INFO ]: com.alibaba.nacos.client.config.impl.ClientWorker.addCacheDataIfAbsent[384 line] - [config_rpc_client] [subscribe] dynamic-datasource-core-test.yml+DEFAULT_GROUP+db7e9f2d-4b3c-4f8b-b1b1-696a1862112f
[2022-02-15 16:05:21.074] [INFO ]: com.alibaba.nacos.common.utils.LoggerUtils.printIfInfoEnabled[60 line] - [87674646-d72b-473b-980b-9e62b9d5a8a8]receive server push request,request=NotifySubscriberRequest,requestId=62
[2022-02-15 16:05:21.077] [INFO ]: com.alibaba.nacos.client.naming.cache.ServiceInfoHolder.isChangedServiceInfo[181 line] - init new ips(1) service: DEFAULT_GROUP@@dynamic-datasource-core -> [{"ip":"172.16.0.246","port":8124,"weight":1.0,"healthy":true,"enabled":true,"ephemeral":true,"clusterName":"DEFAULT","serviceName":"DEFAULT_GROUP@@dynamic-datasource-core","metadata":{"preserved.register.source":"SPRING_CLOUD"},"ipDeleteTimeout":30000,"instanceHeartBeatInterval":5000,"instanceHeartBeatTimeOut":15000}]
[2022-02-15 16:05:21.079] [INFO ]: com.alibaba.nacos.client.naming.cache.ServiceInfoHolder.processServiceInfo[166 line] - current ips:(1) service: DEFAULT_GROUP@@dynamic-datasource-core -> [{"ip":"172.16.0.246","port":8124,"weight":1.0,"healthy":true,"enabled":true,"ephemeral":true,"clusterName":"DEFAULT","serviceName":"DEFAULT_GROUP@@dynamic-datasource-core","metadata":{"preserved.register.source":"SPRING_CLOUD"},"ipDeleteTimeout":30000,"instanceHeartBeatInterval":5000,"instanceHeartBeatTimeOut":15000}]
[2022-02-15 16:05:21.080] [INFO ]: com.alibaba.nacos.common.utils.LoggerUtils.printIfInfoEnabled[60 line] - [87674646-d72b-473b-980b-9e62b9d5a8a8]ack server push request,request=NotifySubscriberRequest,requestId=62
[2022-02-15 16:05:21.094] [INFO ]: com.alibaba.nacos.client.config.impl.CacheData.addListener[173 line] - [config_rpc_client] [add-listener] ok, tenant=db7e9f2d-4b3c-4f8b-b1b1-696a1862112f, dataId=dynamic-datasource-core-test.yml, group=DEFAULT_GROUP, cnt=1
[2022-02-15 16:05:21.095] [INFO ]: com.alibaba.nacos.client.config.impl.ClientWorker.addCacheDataIfAbsent[384 line] - [config_rpc_client] [subscribe] dynamic-datasource-core+DEFAULT_GROUP+db7e9f2d-4b3c-4f8b-b1b1-696a1862112f
[2022-02-15 16:05:21.095] [INFO ]: com.alibaba.nacos.client.config.impl.CacheData.addListener[173 line] - [config_rpc_client] [add-listener] ok, tenant=db7e9f2d-4b3c-4f8b-b1b1-696a1862112f, dataId=dynamic-datasource-core, group=DEFAULT_GROUP, cnt=1
[2022-02-15 16:05:21.096] [INFO ]: com.alibaba.nacos.client.config.impl.ClientWorker.addCacheDataIfAbsent[384 line] - [config_rpc_client] [subscribe] dynamic-datasource-core.yml+DEFAULT_GROUP+db7e9f2d-4b3c-4f8b-b1b1-696a1862112f
[2022-02-15 16:05:21.096] [INFO ]: com.alibaba.nacos.client.config.impl.CacheData.addListener[173 line] - [config_rpc_client] [add-listener] ok, tenant=db7e9f2d-4b3c-4f8b-b1b1-696a1862112f, dataId=dynamic-datasource-core.yml, group=DEFAULT_GROUP, cnt=1
[2022-02-15 16:05:21.111] [INFO ]: org.example.DynamicDatasourceApplication.main[39 line] - 
----------------------------------------------------------
	应用 'dynamic-datasource-core' 运行成功! 访问连接:
	Swagger文档: 		http://172.16.0.246:8124/doc.html
	数据库监控: 		http://172.16.0.246:8124/druid
springboot监控：		http://{}:{}/actuator/beans在线apifox文档：		https://www.apipark.cn/s/3f4b91d7-462c-44e8-b885-ceb018029c29 访问密码：Q0Rehq3X----------------------------------------------------------
[2022-02-15 16:05:21.539] [INFO ]: com.alibaba.nacos.client.naming.cache.ServiceInfoHolder.isChangedServiceInfo[235 line] - new ips(1) service: DEFAULT_GROUP@@dynamic-datasource-core@@DEFAULT -> [{"ip":"172.16.0.246","port":8124,"weight":1.0,"healthy":true,"enabled":true,"ephemeral":true,"clusterName":"DEFAULT","serviceName":"DEFAULT_GROUP@@dynamic-datasource-core","metadata":{"preserved.register.source":"SPRING_CLOUD"},"ipDeleteTimeout":30000,"instanceHeartBeatInterval":5000,"instanceHeartBeatTimeOut":15000}]
[2022-02-15 16:05:21.540] [INFO ]: com.alibaba.nacos.client.naming.cache.ServiceInfoHolder.processServiceInfo[166 line] - current ips:(1) service: DEFAULT_GROUP@@dynamic-datasource-core@@DEFAULT -> [{"ip":"172.16.0.246","port":8124,"weight":1.0,"healthy":true,"enabled":true,"ephemeral":true,"clusterName":"DEFAULT","serviceName":"DEFAULT_GROUP@@dynamic-datasource-core","metadata":{"preserved.register.source":"SPRING_CLOUD"},"ipDeleteTimeout":30000,"instanceHeartBeatInterval":5000,"instanceHeartBeatTimeOut":15000}]
[2022-02-15 16:05:35.598] [INFO ]: org.apache.juli.logging.DirectJDKLog.log[173 line] - Initializing Spring DispatcherServlet 'dispatcherServlet'
[2022-02-15 16:05:36.589] [INFO ]: com.alibaba.druid.pool.DruidDataSource.init[930 line] - {dataSource-1} inited
[2022-02-15 16:05:53.580] [INFO ]: com.alibaba.druid.pool.DruidDataSource.init[930 line] - {dataSource-2} inited
