[2022-02-15 16:03:51.753] [INFO ]: org.reflections.Reflections.scan[232 line] - Reflections took 66 ms to scan 1 urls, producing 3 keys and 6 values 
[2022-02-15 16:03:51.820] [INFO ]: org.reflections.Reflections.scan[232 line] - Reflections took 26 ms to scan 1 urls, producing 4 keys and 9 values 
[2022-02-15 16:03:51.842] [INFO ]: org.reflections.Reflections.scan[232 line] - Reflections took 15 ms to scan 1 urls, producing 3 keys and 10 values 
[2022-02-15 16:03:51.862] [INFO ]: org.reflections.Reflections.scan[232 line] - Reflections took 13 ms to scan 1 urls, producing 1 keys and 5 values 
[2022-02-15 16:03:51.880] [INFO ]: org.reflections.Reflections.scan[232 line] - Reflections took 13 ms to scan 1 urls, producing 1 keys and 7 values 
[2022-02-15 16:03:51.903] [INFO ]: org.reflections.Reflections.scan[232 line] - Reflections took 18 ms to scan 1 urls, producing 2 keys and 8 values 
[2022-02-15 16:03:54.166] [INFO ]: org.springframework.boot.SpringApplication.logStartupProfileInfo[652 line] - The following profiles are active: test
[2022-02-15 16:03:58.144] [INFO ]: org.apache.juli.logging.DirectJDKLog.log[173 line] - Initializing ProtocolHandler ["http-nio-8124"]
[2022-02-15 16:03:58.145] [INFO ]: org.apache.juli.logging.DirectJDKLog.log[173 line] - Starting service [Tomcat]
[2022-02-15 16:03:58.146] [INFO ]: org.apache.juli.logging.DirectJDKLog.log[173 line] - Starting Servlet engine: [Apache Tomcat/9.0.46]
[2022-02-15 16:03:58.497] [INFO ]: org.apache.juli.logging.DirectJDKLog.log[173 line] - Initializing Spring embedded WebApplicationContext
[2022-02-15 16:04:04.266] [INFO ]: com.alibaba.nacos.client.naming.utils.InitUtils.initNamespaceForNaming[63 line] - initializer namespace from System Property : null
[2022-02-15 16:04:04.267] [INFO ]: com.alibaba.nacos.client.naming.utils.InitUtils$1.call[69 line] - initializer namespace from System Environment :null
[2022-02-15 16:04:04.267] [INFO ]: com.alibaba.nacos.client.naming.utils.InitUtils$2.call[79 line] - initializer namespace from System Property :null
[2022-02-15 16:04:04.302] [INFO ]: com.alibaba.nacos.common.remote.client.RpcClientFactory.lambda$createClient$0[77 line] - [RpcClientFactory] create a new rpc client of d1b91ca3-88c9-4336-a954-33f642b77241
[2022-02-15 16:04:04.302] [INFO ]: com.alibaba.nacos.common.utils.LoggerUtils.printIfInfoEnabled[60 line] - [d1b91ca3-88c9-4336-a954-33f642b77241]RpcClient init label, labels={module=naming, source=sdk}
[2022-02-15 16:04:04.308] [INFO ]: com.alibaba.nacos.common.utils.LoggerUtils.printIfInfoEnabled[60 line] - [d1b91ca3-88c9-4336-a954-33f642b77241]RpcClient init, ServerListFactory =com.alibaba.nacos.client.naming.core.ServerListManager
[2022-02-15 16:04:04.308] [INFO ]: com.alibaba.nacos.common.utils.LoggerUtils.printIfInfoEnabled[60 line] - [d1b91ca3-88c9-4336-a954-33f642b77241]Registry connection listener to current client:com.alibaba.nacos.client.naming.remote.gprc.redo.NamingGrpcRedoService
[2022-02-15 16:04:04.309] [INFO ]: com.alibaba.nacos.common.utils.LoggerUtils.printIfInfoEnabled[60 line] - [d1b91ca3-88c9-4336-a954-33f642b77241]Register server push request handler:com.alibaba.nacos.client.naming.remote.gprc.NamingPushRequestHandler
[2022-02-15 16:04:04.312] [INFO ]: com.alibaba.nacos.common.utils.LoggerUtils.printIfInfoEnabled[60 line] - [d1b91ca3-88c9-4336-a954-33f642b77241] Try to connect to server on start up, server: {serverIp='172.16.0.35', server main port=8848}
[2022-02-15 16:04:04.509] [INFO ]: com.alibaba.nacos.common.utils.LoggerUtils.printIfInfoEnabled[60 line] - [d1b91ca3-88c9-4336-a954-33f642b77241] Success to connect to server [172.16.0.35:8848] on start up,connectionId=1644912242271_172.16.0.246_55176
[2022-02-15 16:04:04.509] [INFO ]: com.alibaba.nacos.common.utils.LoggerUtils.printIfInfoEnabled[60 line] - [d1b91ca3-88c9-4336-a954-33f642b77241]Register server push request handler:com.alibaba.nacos.common.remote.client.RpcClient$ConnectResetRequestHandler
[2022-02-15 16:04:04.511] [INFO ]: com.alibaba.nacos.common.utils.LoggerUtils.printIfInfoEnabled[60 line] - [d1b91ca3-88c9-4336-a954-33f642b77241]Register server push request handler:com.alibaba.nacos.common.remote.client.RpcClient$4
[2022-02-15 16:04:04.612] [INFO ]: com.alibaba.nacos.common.utils.LoggerUtils.printIfInfoEnabled[60 line] - [d1b91ca3-88c9-4336-a954-33f642b77241]Notify connected event to listeners.
[2022-02-15 16:04:04.742] [INFO ]: com.alibaba.nacos.client.naming.remote.gprc.redo.NamingGrpcRedoService.onConnected[76 line] - Grpc connection connect
[2022-02-15 16:04:05.094] [INFO ]: springfox.documentation.spring.web.PropertySourcedRequestMappingHandlerMapping.initHandlerMethods[69 line] - Mapped URL path [/v2/api-docs] onto method [springfox.documentation.swagger2.web.Swagger2Controller#getDocumentation(String, HttpServletRequest)]
[2022-02-15 16:04:05.136] [INFO ]: com.netflix.config.sources.URLConfigurationSource.<init>[127 line] - To enable URLs as dynamic configuration sources, define System property archaius.configurationSource.additionalUrls or make config.properties available on classpath.
[2022-02-15 16:04:05.145] [INFO ]: com.netflix.config.sources.URLConfigurationSource.<init>[127 line] - To enable URLs as dynamic configuration sources, define System property archaius.configurationSource.additionalUrls or make config.properties available on classpath.
[2022-02-15 16:04:06.779] [INFO ]: com.alibaba.nacos.client.naming.cache.ServiceInfoHolder.isChangedServiceInfo[181 line] - init new ips(0) service: DEFAULT_GROUP@@dynamic-datasource-core@@DEFAULT -> []
[2022-02-15 16:04:06.796] [INFO ]: com.alibaba.nacos.client.naming.cache.ServiceInfoHolder.processServiceInfo[166 line] - current ips:(0) service: DEFAULT_GROUP@@dynamic-datasource-core@@DEFAULT -> []
[2022-02-15 16:04:06.806] [INFO ]: org.apache.juli.logging.DirectJDKLog.log[173 line] - Starting ProtocolHandler ["http-nio-8124"]
[2022-02-15 16:04:06.844] [INFO ]: com.alibaba.nacos.client.naming.remote.gprc.NamingGrpcClientProxy.registerService[112 line] - [REGISTER-SERVICE] db7e9f2d-4b3c-4f8b-b1b1-696a1862112f registering service dynamic-datasource-core with instance Instance{instanceId='null', ip='172.16.0.246', port=8124, weight=1.0, healthy=true, enabled=true, ephemeral=true, clusterName='DEFAULT', serviceName='null', metadata={preserved.register.source=SPRING_CLOUD}}
[2022-02-15 16:04:06.855] [INFO ]: com.alibaba.cloud.nacos.registry.NacosServiceRegistry.register[75 line] - nacos registry, DEFAULT_GROUP dynamic-datasource-core 172.16.0.246:8124 register finished
[2022-02-15 16:04:07.090] [INFO ]: springfox.documentation.spring.web.plugins.DocumentationPluginsBootstrapper.start[147 line] - Context refreshed
[2022-02-15 16:04:07.109] [INFO ]: springfox.documentation.spring.web.plugins.DocumentationPluginsBootstrapper.start[150 line] - Found 1 custom documentation plugin(s)
[2022-02-15 16:04:07.200] [INFO ]: springfox.documentation.spring.web.scanners.ApiListingReferenceScanner.scan[41 line] - Scanning for api listing references
[2022-02-15 16:04:07.239] [INFO ]: org.springframework.boot.StartupInfoLogger.logStarted[61 line] - Started DynamicDatasourceApplication in 18.211 seconds (JVM running for 21.212)
[2022-02-15 16:04:07.256] [INFO ]: com.alibaba.nacos.client.config.impl.ClientWorker.addCacheDataIfAbsent[384 line] - [config_rpc_client] [subscribe] dynamic-datasource-core-test.yml+DEFAULT_GROUP+db7e9f2d-4b3c-4f8b-b1b1-696a1862112f
[2022-02-15 16:04:07.258] [INFO ]: com.alibaba.nacos.client.config.impl.CacheData.addListener[173 line] - [config_rpc_client] [add-listener] ok, tenant=db7e9f2d-4b3c-4f8b-b1b1-696a1862112f, dataId=dynamic-datasource-core-test.yml, group=DEFAULT_GROUP, cnt=1
[2022-02-15 16:04:07.258] [INFO ]: com.alibaba.nacos.client.config.impl.ClientWorker.addCacheDataIfAbsent[384 line] - [config_rpc_client] [subscribe] dynamic-datasource-core+DEFAULT_GROUP+db7e9f2d-4b3c-4f8b-b1b1-696a1862112f
[2022-02-15 16:04:07.258] [INFO ]: com.alibaba.nacos.client.config.impl.CacheData.addListener[173 line] - [config_rpc_client] [add-listener] ok, tenant=db7e9f2d-4b3c-4f8b-b1b1-696a1862112f, dataId=dynamic-datasource-core, group=DEFAULT_GROUP, cnt=1
[2022-02-15 16:04:07.259] [INFO ]: com.alibaba.nacos.client.config.impl.ClientWorker.addCacheDataIfAbsent[384 line] - [config_rpc_client] [subscribe] dynamic-datasource-core.yml+DEFAULT_GROUP+db7e9f2d-4b3c-4f8b-b1b1-696a1862112f
[2022-02-15 16:04:07.259] [INFO ]: com.alibaba.nacos.client.config.impl.CacheData.addListener[173 line] - [config_rpc_client] [add-listener] ok, tenant=db7e9f2d-4b3c-4f8b-b1b1-696a1862112f, dataId=dynamic-datasource-core.yml, group=DEFAULT_GROUP, cnt=1
[2022-02-15 16:04:07.270] [INFO ]: org.example.DynamicDatasourceApplication.main[39 line] - 
----------------------------------------------------------
	应用 'dynamic-datasource-core' 运行成功! 访问连接:
	Swagger文档: 		http://172.16.0.246:8124/doc.html
	数据库监控: 		http://172.16.0.246:8124/druid
springboot监控：		http://{}:{}/actuator/beans在线apifox文档：		https://www.apipark.cn/s/3f4b91d7-462c-44e8-b885-ceb018029c29 访问密码：Q0Rehq3X----------------------------------------------------------
[2022-02-15 16:04:07.328] [INFO ]: com.alibaba.nacos.common.utils.LoggerUtils.printIfInfoEnabled[60 line] - [d1b91ca3-88c9-4336-a954-33f642b77241]receive server push request,request=NotifySubscriberRequest,requestId=59
[2022-02-15 16:04:07.330] [INFO ]: com.alibaba.nacos.client.naming.cache.ServiceInfoHolder.isChangedServiceInfo[181 line] - init new ips(1) service: DEFAULT_GROUP@@dynamic-datasource-core -> [{"ip":"172.16.0.246","port":8124,"weight":1.0,"healthy":true,"enabled":true,"ephemeral":true,"clusterName":"DEFAULT","serviceName":"DEFAULT_GROUP@@dynamic-datasource-core","metadata":{"preserved.register.source":"SPRING_CLOUD"},"instanceHeartBeatInterval":5000,"ipDeleteTimeout":30000,"instanceHeartBeatTimeOut":15000}]
[2022-02-15 16:04:07.331] [INFO ]: com.alibaba.nacos.client.naming.cache.ServiceInfoHolder.processServiceInfo[166 line] - current ips:(1) service: DEFAULT_GROUP@@dynamic-datasource-core -> [{"ip":"172.16.0.246","port":8124,"weight":1.0,"healthy":true,"enabled":true,"ephemeral":true,"clusterName":"DEFAULT","serviceName":"DEFAULT_GROUP@@dynamic-datasource-core","metadata":{"preserved.register.source":"SPRING_CLOUD"},"instanceHeartBeatInterval":5000,"ipDeleteTimeout":30000,"instanceHeartBeatTimeOut":15000}]
[2022-02-15 16:04:07.334] [INFO ]: com.alibaba.nacos.common.utils.LoggerUtils.printIfInfoEnabled[60 line] - [d1b91ca3-88c9-4336-a954-33f642b77241]ack server push request,request=NotifySubscriberRequest,requestId=59
[2022-02-15 16:04:07.750] [INFO ]: com.alibaba.nacos.client.naming.cache.ServiceInfoHolder.isChangedServiceInfo[235 line] - new ips(1) service: DEFAULT_GROUP@@dynamic-datasource-core@@DEFAULT -> [{"ip":"172.16.0.246","port":8124,"weight":1.0,"healthy":true,"enabled":true,"ephemeral":true,"clusterName":"DEFAULT","serviceName":"DEFAULT_GROUP@@dynamic-datasource-core","metadata":{"preserved.register.source":"SPRING_CLOUD"},"instanceHeartBeatInterval":5000,"ipDeleteTimeout":30000,"instanceHeartBeatTimeOut":15000}]
[2022-02-15 16:04:07.751] [INFO ]: com.alibaba.nacos.client.naming.cache.ServiceInfoHolder.processServiceInfo[166 line] - current ips:(1) service: DEFAULT_GROUP@@dynamic-datasource-core@@DEFAULT -> [{"ip":"172.16.0.246","port":8124,"weight":1.0,"healthy":true,"enabled":true,"ephemeral":true,"clusterName":"DEFAULT","serviceName":"DEFAULT_GROUP@@dynamic-datasource-core","metadata":{"preserved.register.source":"SPRING_CLOUD"},"instanceHeartBeatInterval":5000,"ipDeleteTimeout":30000,"instanceHeartBeatTimeOut":15000}]
[2022-02-15 16:04:56.567] [INFO ]: com.alibaba.cloud.nacos.registry.NacosServiceRegistry.deregister[94 line] - De-registering from Nacos Server now...
[2022-02-15 16:04:56.568] [INFO ]: com.alibaba.nacos.client.naming.remote.gprc.NamingGrpcClientProxy.deregisterService[136 line] - [DEREGISTER-SERVICE] db7e9f2d-4b3c-4f8b-b1b1-696a1862112f deregistering service dynamic-datasource-core with instance: Instance{instanceId='null', ip='172.16.0.246', port=8124, weight=1.0, healthy=true, enabled=true, ephemeral=true, clusterName='DEFAULT', serviceName='null', metadata={}}
[2022-02-15 16:04:56.581] [INFO ]: com.alibaba.cloud.nacos.registry.NacosServiceRegistry.deregister[114 line] - De-registration finished.
[2022-02-15 16:04:56.583] [INFO ]: com.alibaba.nacos.client.naming.cache.ServiceInfoHolder.shutdown[256 line] - com.alibaba.nacos.client.naming.cache.ServiceInfoHolder do shutdown begin
[2022-02-15 16:04:56.584] [INFO ]: com.alibaba.nacos.client.naming.backups.FailoverReactor.shutdown[140 line] - com.alibaba.nacos.client.naming.backups.FailoverReactor do shutdown begin
[2022-02-15 16:04:56.584] [INFO ]: com.alibaba.nacos.client.naming.backups.FailoverReactor.shutdown[142 line] - com.alibaba.nacos.client.naming.backups.FailoverReactor do shutdown stop
[2022-02-15 16:04:56.584] [INFO ]: com.alibaba.nacos.client.naming.cache.ServiceInfoHolder.shutdown[258 line] - com.alibaba.nacos.client.naming.cache.ServiceInfoHolder do shutdown stop
[2022-02-15 16:04:56.585] [INFO ]: com.alibaba.nacos.client.naming.remote.NamingClientProxyDelegate.shutdown[176 line] - com.alibaba.nacos.client.naming.remote.NamingClientProxyDelegate do shutdown begin
[2022-02-15 16:04:56.585] [INFO ]: com.alibaba.nacos.client.naming.core.ServiceInfoUpdateService.shutdown[130 line] - com.alibaba.nacos.client.naming.core.ServiceInfoUpdateService do shutdown begin
[2022-02-15 16:04:56.888] [INFO ]: com.alibaba.nacos.client.naming.core.ServiceInfoUpdateService.shutdown[132 line] - com.alibaba.nacos.client.naming.core.ServiceInfoUpdateService do shutdown stop
[2022-02-15 16:04:56.888] [INFO ]: com.alibaba.nacos.client.naming.core.ServerListManager.shutdown[188 line] - com.alibaba.nacos.client.naming.core.ServerListManager do shutdown begin
[2022-02-15 16:04:56.889] [INFO ]: com.alibaba.nacos.client.naming.core.ServerListManager.shutdown[193 line] - com.alibaba.nacos.client.naming.core.ServerListManager do shutdown stop
[2022-02-15 16:04:56.889] [INFO ]: com.alibaba.nacos.client.naming.remote.http.NamingHttpClientProxy.shutdown[519 line] - com.alibaba.nacos.client.naming.remote.http.NamingHttpClientProxy do shutdown begin
[2022-02-15 16:04:56.889] [INFO ]: com.alibaba.nacos.client.naming.beat.BeatReactor.shutdown[162 line] - com.alibaba.nacos.client.naming.beat.BeatReactor do shutdown begin
[2022-02-15 16:04:56.889] [INFO ]: com.alibaba.nacos.client.naming.beat.BeatReactor.shutdown[164 line] - com.alibaba.nacos.client.naming.beat.BeatReactor do shutdown stop
[2022-02-15 16:04:56.890] [INFO ]: com.alibaba.nacos.client.identify.CredentialWatcher.stop[105 line] - [null] CredentialWatcher is stopped
[2022-02-15 16:04:56.890] [INFO ]: com.alibaba.nacos.client.identify.CredentialService.free[99 line] - [null] CredentialService is freed
[2022-02-15 16:04:56.891] [INFO ]: com.alibaba.nacos.client.naming.remote.http.NamingHttpClientProxy.shutdown[523 line] - com.alibaba.nacos.client.naming.remote.http.NamingHttpClientProxy do shutdown stop
[2022-02-15 16:04:56.891] [INFO ]: com.alibaba.nacos.common.remote.client.RpcClient.shutdown[461 line] - Shutdown rpc client ,set status to shutdown
[2022-02-15 16:04:56.891] [INFO ]: com.alibaba.nacos.common.remote.client.RpcClient.shutdown[463 line] - Shutdown  client event executor java.util.concurrent.ScheduledThreadPoolExecutor@7c98c0c[Running, pool size = 2, active threads = 2, queued tasks = 0, completed tasks = 0]
[2022-02-15 16:04:56.891] [INFO ]: com.alibaba.nacos.common.remote.client.RpcClient.shutdown[465 line] - Close current connection 1644912242271_172.16.0.246_55176
[2022-02-15 16:04:56.895] [INFO ]: com.alibaba.nacos.common.utils.LoggerUtils.printIfInfoEnabled[60 line] - [1644912242271_172.16.0.246_55176]Ignore complete event,isRunning:false,isAbandon=false
[2022-02-15 16:04:56.903] [INFO ]: com.alibaba.nacos.common.remote.client.grpc.GrpcClient.shutdown[83 line] - Shutdown grpc executor java.util.concurrent.ThreadPoolExecutor@3617ba8a[Running, pool size = 7, active threads = 0, queued tasks = 0, completed tasks = 27]
[2022-02-15 16:04:56.903] [INFO ]: com.alibaba.nacos.client.naming.remote.gprc.redo.NamingGrpcRedoService.shutdown[251 line] - Shutdown grpc redo service executor java.util.concurrent.ScheduledThreadPoolExecutor@4ba3679e[Running, pool size = 1, active threads = 0, queued tasks = 1, completed tasks = 17]
[2022-02-15 16:04:56.904] [INFO ]: com.alibaba.nacos.client.naming.remote.NamingClientProxyDelegate.shutdown[182 line] - com.alibaba.nacos.client.naming.remote.NamingClientProxyDelegate do shutdown stop
