[2022-02-15 15:56:18.255] [INFO ]: org.reflections.Reflections.scan[232 line] - Reflections took 61 ms to scan 1 urls, producing 3 keys and 6 values 
[2022-02-15 15:56:18.304] [INFO ]: org.reflections.Reflections.scan[232 line] - Reflections took 16 ms to scan 1 urls, producing 4 keys and 9 values 
[2022-02-15 15:56:18.330] [INFO ]: org.reflections.Reflections.scan[232 line] - Reflections took 22 ms to scan 1 urls, producing 3 keys and 10 values 
[2022-02-15 15:56:18.355] [INFO ]: org.reflections.Reflections.scan[232 line] - Reflections took 19 ms to scan 1 urls, producing 1 keys and 5 values 
[2022-02-15 15:56:18.379] [INFO ]: org.reflections.Reflections.scan[232 line] - Reflections took 18 ms to scan 1 urls, producing 1 keys and 7 values 
[2022-02-15 15:56:18.402] [INFO ]: org.reflections.Reflections.scan[232 line] - Reflections took 16 ms to scan 1 urls, producing 2 keys and 8 values 
[2022-02-15 15:56:20.587] [INFO ]: org.springframework.boot.SpringApplication.logStartupProfileInfo[652 line] - The following profiles are active: test
[2022-02-15 15:56:24.508] [INFO ]: org.apache.juli.logging.DirectJDKLog.log[173 line] - Initializing ProtocolHandler ["http-nio-8124"]
[2022-02-15 15:56:24.509] [INFO ]: org.apache.juli.logging.DirectJDKLog.log[173 line] - Starting service [Tomcat]
[2022-02-15 15:56:24.510] [INFO ]: org.apache.juli.logging.DirectJDKLog.log[173 line] - Starting Servlet engine: [Apache Tomcat/9.0.46]
[2022-02-15 15:56:24.804] [INFO ]: org.apache.juli.logging.DirectJDKLog.log[173 line] - Initializing Spring embedded WebApplicationContext
[2022-02-15 15:56:30.809] [INFO ]: com.alibaba.nacos.client.naming.utils.InitUtils.initNamespaceForNaming[63 line] - initializer namespace from System Property : null
[2022-02-15 15:56:30.809] [INFO ]: com.alibaba.nacos.client.naming.utils.InitUtils$1.call[69 line] - initializer namespace from System Environment :null
[2022-02-15 15:56:30.810] [INFO ]: com.alibaba.nacos.client.naming.utils.InitUtils$2.call[79 line] - initializer namespace from System Property :null
[2022-02-15 15:56:30.856] [INFO ]: com.alibaba.nacos.common.remote.client.RpcClientFactory.lambda$createClient$0[77 line] - [RpcClientFactory] create a new rpc client of ae1978f1-9cd9-436d-a1e3-d8112636db92
[2022-02-15 15:56:30.856] [INFO ]: com.alibaba.nacos.common.utils.LoggerUtils.printIfInfoEnabled[60 line] - [ae1978f1-9cd9-436d-a1e3-d8112636db92]RpcClient init label, labels={module=naming, source=sdk}
[2022-02-15 15:56:30.859] [INFO ]: com.alibaba.nacos.common.utils.LoggerUtils.printIfInfoEnabled[60 line] - [ae1978f1-9cd9-436d-a1e3-d8112636db92]RpcClient init, ServerListFactory =com.alibaba.nacos.client.naming.core.ServerListManager
[2022-02-15 15:56:30.860] [INFO ]: com.alibaba.nacos.common.utils.LoggerUtils.printIfInfoEnabled[60 line] - [ae1978f1-9cd9-436d-a1e3-d8112636db92]Registry connection listener to current client:com.alibaba.nacos.client.naming.remote.gprc.redo.NamingGrpcRedoService
[2022-02-15 15:56:30.860] [INFO ]: com.alibaba.nacos.common.utils.LoggerUtils.printIfInfoEnabled[60 line] - [ae1978f1-9cd9-436d-a1e3-d8112636db92]Register server push request handler:com.alibaba.nacos.client.naming.remote.gprc.NamingPushRequestHandler
[2022-02-15 15:56:30.870] [INFO ]: com.alibaba.nacos.common.utils.LoggerUtils.printIfInfoEnabled[60 line] - [ae1978f1-9cd9-436d-a1e3-d8112636db92] Try to connect to server on start up, server: {serverIp='172.16.0.35', server main port=8848}
[2022-02-15 15:56:31.139] [INFO ]: com.alibaba.nacos.common.utils.LoggerUtils.printIfInfoEnabled[60 line] - [ae1978f1-9cd9-436d-a1e3-d8112636db92] Success to connect to server [172.16.0.35:8848] on start up,connectionId=1644911788827_172.16.0.246_54835
[2022-02-15 15:56:31.139] [INFO ]: com.alibaba.nacos.common.utils.LoggerUtils.printIfInfoEnabled[60 line] - [ae1978f1-9cd9-436d-a1e3-d8112636db92]Register server push request handler:com.alibaba.nacos.common.remote.client.RpcClient$ConnectResetRequestHandler
[2022-02-15 15:56:31.139] [INFO ]: com.alibaba.nacos.common.utils.LoggerUtils.printIfInfoEnabled[60 line] - [ae1978f1-9cd9-436d-a1e3-d8112636db92]Register server push request handler:com.alibaba.nacos.common.remote.client.RpcClient$4
[2022-02-15 15:56:31.647] [INFO ]: springfox.documentation.spring.web.PropertySourcedRequestMappingHandlerMapping.initHandlerMethods[69 line] - Mapped URL path [/v2/api-docs] onto method [springfox.documentation.swagger2.web.Swagger2Controller#getDocumentation(String, HttpServletRequest)]
[2022-02-15 15:56:31.697] [INFO ]: com.alibaba.nacos.common.utils.LoggerUtils.printIfInfoEnabled[60 line] - [ae1978f1-9cd9-436d-a1e3-d8112636db92]Notify connected event to listeners.
[2022-02-15 15:56:31.699] [INFO ]: com.alibaba.nacos.client.naming.remote.gprc.redo.NamingGrpcRedoService.onConnected[76 line] - Grpc connection connect
[2022-02-15 15:56:31.725] [INFO ]: com.netflix.config.sources.URLConfigurationSource.<init>[127 line] - To enable URLs as dynamic configuration sources, define System property archaius.configurationSource.additionalUrls or make config.properties available on classpath.
[2022-02-15 15:56:31.738] [INFO ]: com.netflix.config.sources.URLConfigurationSource.<init>[127 line] - To enable URLs as dynamic configuration sources, define System property archaius.configurationSource.additionalUrls or make config.properties available on classpath.
[2022-02-15 15:56:33.426] [INFO ]: com.alibaba.nacos.client.naming.cache.ServiceInfoHolder.isChangedServiceInfo[181 line] - init new ips(0) service: DEFAULT_GROUP@@dynamic-datasource-core@@DEFAULT -> []
[2022-02-15 15:56:33.444] [INFO ]: com.alibaba.nacos.client.naming.cache.ServiceInfoHolder.processServiceInfo[166 line] - current ips:(0) service: DEFAULT_GROUP@@dynamic-datasource-core@@DEFAULT -> []
[2022-02-15 15:56:33.457] [INFO ]: org.apache.juli.logging.DirectJDKLog.log[173 line] - Starting ProtocolHandler ["http-nio-8124"]
[2022-02-15 15:56:33.516] [INFO ]: com.alibaba.nacos.client.naming.remote.gprc.NamingGrpcClientProxy.registerService[112 line] - [REGISTER-SERVICE] db7e9f2d-4b3c-4f8b-b1b1-696a1862112f registering service dynamic-datasource-core with instance Instance{instanceId='null', ip='172.16.0.246', port=8124, weight=1.0, healthy=true, enabled=true, ephemeral=true, clusterName='DEFAULT', serviceName='null', metadata={preserved.register.source=SPRING_CLOUD}}
[2022-02-15 15:56:33.531] [INFO ]: com.alibaba.cloud.nacos.registry.NacosServiceRegistry.register[75 line] - nacos registry, DEFAULT_GROUP dynamic-datasource-core 172.16.0.246:8124 register finished
[2022-02-15 15:56:33.896] [INFO ]: springfox.documentation.spring.web.plugins.DocumentationPluginsBootstrapper.start[147 line] - Context refreshed
[2022-02-15 15:56:33.916] [INFO ]: springfox.documentation.spring.web.plugins.DocumentationPluginsBootstrapper.start[150 line] - Found 1 custom documentation plugin(s)
[2022-02-15 15:56:34.093] [INFO ]: com.alibaba.nacos.common.utils.LoggerUtils.printIfInfoEnabled[60 line] - [ae1978f1-9cd9-436d-a1e3-d8112636db92]receive server push request,request=NotifySubscriberRequest,requestId=47
[2022-02-15 15:56:34.098] [INFO ]: com.alibaba.nacos.client.naming.cache.ServiceInfoHolder.isChangedServiceInfo[181 line] - init new ips(1) service: DEFAULT_GROUP@@dynamic-datasource-core -> [{"ip":"172.16.0.246","port":8124,"weight":1.0,"healthy":true,"enabled":true,"ephemeral":true,"clusterName":"DEFAULT","serviceName":"DEFAULT_GROUP@@dynamic-datasource-core","metadata":{"preserved.register.source":"SPRING_CLOUD"},"ipDeleteTimeout":30000,"instanceHeartBeatInterval":5000,"instanceHeartBeatTimeOut":15000}]
[2022-02-15 15:56:34.100] [INFO ]: com.alibaba.nacos.client.naming.cache.ServiceInfoHolder.processServiceInfo[166 line] - current ips:(1) service: DEFAULT_GROUP@@dynamic-datasource-core -> [{"ip":"172.16.0.246","port":8124,"weight":1.0,"healthy":true,"enabled":true,"ephemeral":true,"clusterName":"DEFAULT","serviceName":"DEFAULT_GROUP@@dynamic-datasource-core","metadata":{"preserved.register.source":"SPRING_CLOUD"},"ipDeleteTimeout":30000,"instanceHeartBeatInterval":5000,"instanceHeartBeatTimeOut":15000}]
[2022-02-15 15:56:34.108] [INFO ]: springfox.documentation.spring.web.scanners.ApiListingReferenceScanner.scan[41 line] - Scanning for api listing references
[2022-02-15 15:56:34.141] [INFO ]: com.alibaba.nacos.common.utils.LoggerUtils.printIfInfoEnabled[60 line] - [ae1978f1-9cd9-436d-a1e3-d8112636db92]ack server push request,request=NotifySubscriberRequest,requestId=47
[2022-02-15 15:56:34.156] [INFO ]: org.springframework.boot.StartupInfoLogger.logStarted[61 line] - Started DynamicDatasourceApplication in 18.37 seconds (JVM running for 21.473)
[2022-02-15 15:56:34.272] [INFO ]: com.alibaba.nacos.client.config.impl.ClientWorker.addCacheDataIfAbsent[384 line] - [config_rpc_client] [subscribe] dynamic-datasource-core-test.yml+DEFAULT_GROUP+db7e9f2d-4b3c-4f8b-b1b1-696a1862112f
[2022-02-15 15:56:34.274] [INFO ]: com.alibaba.nacos.client.config.impl.CacheData.addListener[173 line] - [config_rpc_client] [add-listener] ok, tenant=db7e9f2d-4b3c-4f8b-b1b1-696a1862112f, dataId=dynamic-datasource-core-test.yml, group=DEFAULT_GROUP, cnt=1
[2022-02-15 15:56:34.274] [INFO ]: com.alibaba.nacos.client.config.impl.ClientWorker.addCacheDataIfAbsent[384 line] - [config_rpc_client] [subscribe] dynamic-datasource-core+DEFAULT_GROUP+db7e9f2d-4b3c-4f8b-b1b1-696a1862112f
[2022-02-15 15:56:34.275] [INFO ]: com.alibaba.nacos.client.config.impl.CacheData.addListener[173 line] - [config_rpc_client] [add-listener] ok, tenant=db7e9f2d-4b3c-4f8b-b1b1-696a1862112f, dataId=dynamic-datasource-core, group=DEFAULT_GROUP, cnt=1
[2022-02-15 15:56:34.275] [INFO ]: com.alibaba.nacos.client.config.impl.ClientWorker.addCacheDataIfAbsent[384 line] - [config_rpc_client] [subscribe] dynamic-datasource-core.yml+DEFAULT_GROUP+db7e9f2d-4b3c-4f8b-b1b1-696a1862112f
[2022-02-15 15:56:34.275] [INFO ]: com.alibaba.nacos.client.config.impl.CacheData.addListener[173 line] - [config_rpc_client] [add-listener] ok, tenant=db7e9f2d-4b3c-4f8b-b1b1-696a1862112f, dataId=dynamic-datasource-core.yml, group=DEFAULT_GROUP, cnt=1
[2022-02-15 15:56:34.282] [INFO ]: org.example.DynamicDatasourceApplication.main[39 line] - 
----------------------------------------------------------
	应用 'dynamic-datasource-core' 运行成功! 访问连接:
	Swagger文档: 		http://172.16.0.246:8124/doc.html
	数据库监控: 		http://172.16.0.246:8124/druid
springboot监控：		http://{}:{}/actuator/beans在线apifox文档：		https://www.apipark.cn/s/3f4b91d7-462c-44e8-b885-ceb018029c29 访问密码：Q0Rehq3X----------------------------------------------------------
[2022-02-15 15:56:34.549] [INFO ]: com.alibaba.nacos.client.naming.cache.ServiceInfoHolder.isChangedServiceInfo[235 line] - new ips(1) service: DEFAULT_GROUP@@dynamic-datasource-core@@DEFAULT -> [{"ip":"172.16.0.246","port":8124,"weight":1.0,"healthy":true,"enabled":true,"ephemeral":true,"clusterName":"DEFAULT","serviceName":"DEFAULT_GROUP@@dynamic-datasource-core","metadata":{"preserved.register.source":"SPRING_CLOUD"},"ipDeleteTimeout":30000,"instanceHeartBeatInterval":5000,"instanceHeartBeatTimeOut":15000}]
[2022-02-15 15:56:34.549] [INFO ]: com.alibaba.nacos.client.naming.cache.ServiceInfoHolder.processServiceInfo[166 line] - current ips:(1) service: DEFAULT_GROUP@@dynamic-datasource-core@@DEFAULT -> [{"ip":"172.16.0.246","port":8124,"weight":1.0,"healthy":true,"enabled":true,"ephemeral":true,"clusterName":"DEFAULT","serviceName":"DEFAULT_GROUP@@dynamic-datasource-core","metadata":{"preserved.register.source":"SPRING_CLOUD"},"ipDeleteTimeout":30000,"instanceHeartBeatInterval":5000,"instanceHeartBeatTimeOut":15000}]
[2022-02-15 16:00:05.497] [INFO ]: com.alibaba.cloud.nacos.registry.NacosServiceRegistry.deregister[94 line] - De-registering from Nacos Server now...
[2022-02-15 16:00:05.498] [INFO ]: com.alibaba.nacos.client.naming.remote.gprc.NamingGrpcClientProxy.deregisterService[136 line] - [DEREGISTER-SERVICE] db7e9f2d-4b3c-4f8b-b1b1-696a1862112f deregistering service dynamic-datasource-core with instance: Instance{instanceId='null', ip='172.16.0.246', port=8124, weight=1.0, healthy=true, enabled=true, ephemeral=true, clusterName='DEFAULT', serviceName='null', metadata={}}
[2022-02-15 16:00:05.505] [INFO ]: com.alibaba.cloud.nacos.registry.NacosServiceRegistry.deregister[114 line] - De-registration finished.
[2022-02-15 16:00:05.507] [INFO ]: com.alibaba.nacos.client.naming.cache.ServiceInfoHolder.shutdown[256 line] - com.alibaba.nacos.client.naming.cache.ServiceInfoHolder do shutdown begin
[2022-02-15 16:00:05.507] [INFO ]: com.alibaba.nacos.client.naming.backups.FailoverReactor.shutdown[140 line] - com.alibaba.nacos.client.naming.backups.FailoverReactor do shutdown begin
[2022-02-15 16:00:05.508] [INFO ]: com.alibaba.nacos.client.naming.backups.FailoverReactor.shutdown[142 line] - com.alibaba.nacos.client.naming.backups.FailoverReactor do shutdown stop
[2022-02-15 16:00:05.508] [INFO ]: com.alibaba.nacos.client.naming.cache.ServiceInfoHolder.shutdown[258 line] - com.alibaba.nacos.client.naming.cache.ServiceInfoHolder do shutdown stop
[2022-02-15 16:00:05.508] [INFO ]: com.alibaba.nacos.client.naming.remote.NamingClientProxyDelegate.shutdown[176 line] - com.alibaba.nacos.client.naming.remote.NamingClientProxyDelegate do shutdown begin
[2022-02-15 16:00:05.508] [INFO ]: com.alibaba.nacos.client.naming.core.ServiceInfoUpdateService.shutdown[130 line] - com.alibaba.nacos.client.naming.core.ServiceInfoUpdateService do shutdown begin
[2022-02-15 16:00:05.810] [INFO ]: com.alibaba.nacos.client.naming.core.ServiceInfoUpdateService.shutdown[132 line] - com.alibaba.nacos.client.naming.core.ServiceInfoUpdateService do shutdown stop
[2022-02-15 16:00:05.811] [INFO ]: com.alibaba.nacos.client.naming.core.ServerListManager.shutdown[188 line] - com.alibaba.nacos.client.naming.core.ServerListManager do shutdown begin
[2022-02-15 16:00:05.811] [INFO ]: com.alibaba.nacos.client.naming.core.ServerListManager.shutdown[193 line] - com.alibaba.nacos.client.naming.core.ServerListManager do shutdown stop
[2022-02-15 16:00:05.812] [INFO ]: com.alibaba.nacos.client.naming.remote.http.NamingHttpClientProxy.shutdown[519 line] - com.alibaba.nacos.client.naming.remote.http.NamingHttpClientProxy do shutdown begin
[2022-02-15 16:00:05.812] [INFO ]: com.alibaba.nacos.client.naming.beat.BeatReactor.shutdown[162 line] - com.alibaba.nacos.client.naming.beat.BeatReactor do shutdown begin
[2022-02-15 16:00:05.812] [INFO ]: com.alibaba.nacos.client.naming.beat.BeatReactor.shutdown[164 line] - com.alibaba.nacos.client.naming.beat.BeatReactor do shutdown stop
[2022-02-15 16:00:05.812] [INFO ]: com.alibaba.nacos.client.identify.CredentialWatcher.stop[105 line] - [null] CredentialWatcher is stopped
[2022-02-15 16:00:05.813] [INFO ]: com.alibaba.nacos.client.identify.CredentialService.free[99 line] - [null] CredentialService is freed
[2022-02-15 16:00:05.813] [INFO ]: com.alibaba.nacos.client.naming.remote.http.NamingHttpClientProxy.shutdown[523 line] - com.alibaba.nacos.client.naming.remote.http.NamingHttpClientProxy do shutdown stop
[2022-02-15 16:00:05.813] [INFO ]: com.alibaba.nacos.common.remote.client.RpcClient.shutdown[461 line] - Shutdown rpc client ,set status to shutdown
[2022-02-15 16:00:05.813] [INFO ]: com.alibaba.nacos.common.remote.client.RpcClient.shutdown[463 line] - Shutdown  client event executor java.util.concurrent.ScheduledThreadPoolExecutor@1222a398[Running, pool size = 2, active threads = 2, queued tasks = 0, completed tasks = 0]
[2022-02-15 16:00:05.814] [INFO ]: com.alibaba.nacos.common.remote.client.RpcClient.shutdown[465 line] - Close current connection 1644911788827_172.16.0.246_54835
[2022-02-15 16:00:05.817] [INFO ]: com.alibaba.nacos.common.utils.LoggerUtils.printIfInfoEnabled[60 line] - [1644911788827_172.16.0.246_54835]Ignore complete event,isRunning:false,isAbandon=false
[2022-02-15 16:00:05.822] [INFO ]: com.alibaba.nacos.common.remote.client.grpc.GrpcClient.shutdown[83 line] - Shutdown grpc executor java.util.concurrent.ThreadPoolExecutor@6bed3ed9[Running, pool size = 8, active threads = 0, queued tasks = 0, completed tasks = 74]
[2022-02-15 16:00:05.822] [INFO ]: com.alibaba.nacos.client.naming.remote.gprc.redo.NamingGrpcRedoService.shutdown[251 line] - Shutdown grpc redo service executor java.util.concurrent.ScheduledThreadPoolExecutor@781b1952[Running, pool size = 1, active threads = 0, queued tasks = 1, completed tasks = 71]
[2022-02-15 16:00:05.824] [INFO ]: com.alibaba.nacos.client.naming.remote.NamingClientProxyDelegate.shutdown[182 line] - com.alibaba.nacos.client.naming.remote.NamingClientProxyDelegate do shutdown stop
[2022-02-15 16:00:15.158] [INFO ]: org.reflections.Reflections.scan[232 line] - Reflections took 77 ms to scan 1 urls, producing 3 keys and 6 values 
[2022-02-15 16:00:15.241] [INFO ]: org.reflections.Reflections.scan[232 line] - Reflections took 52 ms to scan 1 urls, producing 4 keys and 9 values 
[2022-02-15 16:00:15.275] [INFO ]: org.reflections.Reflections.scan[232 line] - Reflections took 27 ms to scan 1 urls, producing 3 keys and 10 values 
[2022-02-15 16:00:15.294] [INFO ]: org.reflections.Reflections.scan[232 line] - Reflections took 13 ms to scan 1 urls, producing 1 keys and 5 values 
[2022-02-15 16:00:15.312] [INFO ]: org.reflections.Reflections.scan[232 line] - Reflections took 14 ms to scan 1 urls, producing 1 keys and 7 values 
[2022-02-15 16:00:15.332] [INFO ]: org.reflections.Reflections.scan[232 line] - Reflections took 15 ms to scan 1 urls, producing 2 keys and 8 values 
[2022-02-15 16:00:17.609] [INFO ]: org.springframework.boot.SpringApplication.logStartupProfileInfo[652 line] - The following profiles are active: test
[2022-02-15 16:00:21.480] [INFO ]: org.apache.juli.logging.DirectJDKLog.log[173 line] - Initializing ProtocolHandler ["http-nio-8124"]
[2022-02-15 16:00:21.481] [INFO ]: org.apache.juli.logging.DirectJDKLog.log[173 line] - Starting service [Tomcat]
[2022-02-15 16:00:21.482] [INFO ]: org.apache.juli.logging.DirectJDKLog.log[173 line] - Starting Servlet engine: [Apache Tomcat/9.0.46]
[2022-02-15 16:00:21.779] [INFO ]: org.apache.juli.logging.DirectJDKLog.log[173 line] - Initializing Spring embedded WebApplicationContext
[2022-02-15 16:00:27.923] [INFO ]: com.alibaba.nacos.client.naming.utils.InitUtils.initNamespaceForNaming[63 line] - initializer namespace from System Property : null
[2022-02-15 16:00:27.924] [INFO ]: com.alibaba.nacos.client.naming.utils.InitUtils$1.call[69 line] - initializer namespace from System Environment :null
[2022-02-15 16:00:27.925] [INFO ]: com.alibaba.nacos.client.naming.utils.InitUtils$2.call[79 line] - initializer namespace from System Property :null
[2022-02-15 16:00:27.966] [INFO ]: com.alibaba.nacos.common.remote.client.RpcClientFactory.lambda$createClient$0[77 line] - [RpcClientFactory] create a new rpc client of 97079089-5dae-4e42-93f0-c603296b7f09
[2022-02-15 16:00:27.967] [INFO ]: com.alibaba.nacos.common.utils.LoggerUtils.printIfInfoEnabled[60 line] - [97079089-5dae-4e42-93f0-c603296b7f09]RpcClient init label, labels={module=naming, source=sdk}
[2022-02-15 16:00:27.970] [INFO ]: com.alibaba.nacos.common.utils.LoggerUtils.printIfInfoEnabled[60 line] - [97079089-5dae-4e42-93f0-c603296b7f09]RpcClient init, ServerListFactory =com.alibaba.nacos.client.naming.core.ServerListManager
[2022-02-15 16:00:27.970] [INFO ]: com.alibaba.nacos.common.utils.LoggerUtils.printIfInfoEnabled[60 line] - [97079089-5dae-4e42-93f0-c603296b7f09]Registry connection listener to current client:com.alibaba.nacos.client.naming.remote.gprc.redo.NamingGrpcRedoService
[2022-02-15 16:00:27.971] [INFO ]: com.alibaba.nacos.common.utils.LoggerUtils.printIfInfoEnabled[60 line] - [97079089-5dae-4e42-93f0-c603296b7f09]Register server push request handler:com.alibaba.nacos.client.naming.remote.gprc.NamingPushRequestHandler
[2022-02-15 16:00:27.972] [INFO ]: com.alibaba.nacos.common.utils.LoggerUtils.printIfInfoEnabled[60 line] - [97079089-5dae-4e42-93f0-c603296b7f09] Try to connect to server on start up, server: {serverIp='172.16.0.35', server main port=8848}
[2022-02-15 16:00:28.346] [INFO ]: com.alibaba.nacos.common.utils.LoggerUtils.printIfInfoEnabled[60 line] - [97079089-5dae-4e42-93f0-c603296b7f09] Success to connect to server [172.16.0.35:8848] on start up,connectionId=1644912025928_172.16.0.246_55006
[2022-02-15 16:00:28.348] [INFO ]: com.alibaba.nacos.common.utils.LoggerUtils.printIfInfoEnabled[60 line] - [97079089-5dae-4e42-93f0-c603296b7f09]Register server push request handler:com.alibaba.nacos.common.remote.client.RpcClient$ConnectResetRequestHandler
[2022-02-15 16:00:28.349] [INFO ]: com.alibaba.nacos.common.utils.LoggerUtils.printIfInfoEnabled[60 line] - [97079089-5dae-4e42-93f0-c603296b7f09]Register server push request handler:com.alibaba.nacos.common.remote.client.RpcClient$4
[2022-02-15 16:00:28.371] [INFO ]: com.alibaba.nacos.common.utils.LoggerUtils.printIfInfoEnabled[60 line] - [97079089-5dae-4e42-93f0-c603296b7f09]Notify connected event to listeners.
[2022-02-15 16:00:28.410] [INFO ]: com.alibaba.nacos.client.naming.remote.gprc.redo.NamingGrpcRedoService.onConnected[76 line] - Grpc connection connect
[2022-02-15 16:00:28.876] [INFO ]: springfox.documentation.spring.web.PropertySourcedRequestMappingHandlerMapping.initHandlerMethods[69 line] - Mapped URL path [/v2/api-docs] onto method [springfox.documentation.swagger2.web.Swagger2Controller#getDocumentation(String, HttpServletRequest)]
[2022-02-15 16:00:28.927] [INFO ]: com.netflix.config.sources.URLConfigurationSource.<init>[127 line] - To enable URLs as dynamic configuration sources, define System property archaius.configurationSource.additionalUrls or make config.properties available on classpath.
[2022-02-15 16:00:28.940] [INFO ]: com.netflix.config.sources.URLConfigurationSource.<init>[127 line] - To enable URLs as dynamic configuration sources, define System property archaius.configurationSource.additionalUrls or make config.properties available on classpath.
[2022-02-15 16:00:30.775] [INFO ]: com.alibaba.nacos.client.naming.cache.ServiceInfoHolder.isChangedServiceInfo[181 line] - init new ips(0) service: DEFAULT_GROUP@@dynamic-datasource-core@@DEFAULT -> []
[2022-02-15 16:00:30.794] [INFO ]: com.alibaba.nacos.client.naming.cache.ServiceInfoHolder.processServiceInfo[166 line] - current ips:(0) service: DEFAULT_GROUP@@dynamic-datasource-core@@DEFAULT -> []
[2022-02-15 16:00:30.805] [INFO ]: org.apache.juli.logging.DirectJDKLog.log[173 line] - Starting ProtocolHandler ["http-nio-8124"]
[2022-02-15 16:00:30.848] [INFO ]: com.alibaba.nacos.client.naming.remote.gprc.NamingGrpcClientProxy.registerService[112 line] - [REGISTER-SERVICE] db7e9f2d-4b3c-4f8b-b1b1-696a1862112f registering service dynamic-datasource-core with instance Instance{instanceId='null', ip='172.16.0.246', port=8124, weight=1.0, healthy=true, enabled=true, ephemeral=true, clusterName='DEFAULT', serviceName='null', metadata={preserved.register.source=SPRING_CLOUD}}
[2022-02-15 16:00:30.864] [INFO ]: com.alibaba.cloud.nacos.registry.NacosServiceRegistry.register[75 line] - nacos registry, DEFAULT_GROUP dynamic-datasource-core 172.16.0.246:8124 register finished
[2022-02-15 16:00:31.120] [INFO ]: springfox.documentation.spring.web.plugins.DocumentationPluginsBootstrapper.start[147 line] - Context refreshed
[2022-02-15 16:00:31.147] [INFO ]: springfox.documentation.spring.web.plugins.DocumentationPluginsBootstrapper.start[150 line] - Found 1 custom documentation plugin(s)
[2022-02-15 16:00:31.222] [INFO ]: springfox.documentation.spring.web.scanners.ApiListingReferenceScanner.scan[41 line] - Scanning for api listing references
[2022-02-15 16:00:31.267] [INFO ]: org.springframework.boot.StartupInfoLogger.logStarted[61 line] - Started DynamicDatasourceApplication in 18.992 seconds (JVM running for 22.049)
[2022-02-15 16:00:31.287] [INFO ]: com.alibaba.nacos.client.config.impl.ClientWorker.addCacheDataIfAbsent[384 line] - [config_rpc_client] [subscribe] dynamic-datasource-core-test.yml+DEFAULT_GROUP+db7e9f2d-4b3c-4f8b-b1b1-696a1862112f
[2022-02-15 16:00:31.289] [INFO ]: com.alibaba.nacos.client.config.impl.CacheData.addListener[173 line] - [config_rpc_client] [add-listener] ok, tenant=db7e9f2d-4b3c-4f8b-b1b1-696a1862112f, dataId=dynamic-datasource-core-test.yml, group=DEFAULT_GROUP, cnt=1
[2022-02-15 16:00:31.289] [INFO ]: com.alibaba.nacos.client.config.impl.ClientWorker.addCacheDataIfAbsent[384 line] - [config_rpc_client] [subscribe] dynamic-datasource-core+DEFAULT_GROUP+db7e9f2d-4b3c-4f8b-b1b1-696a1862112f
[2022-02-15 16:00:31.290] [INFO ]: com.alibaba.nacos.client.config.impl.CacheData.addListener[173 line] - [config_rpc_client] [add-listener] ok, tenant=db7e9f2d-4b3c-4f8b-b1b1-696a1862112f, dataId=dynamic-datasource-core, group=DEFAULT_GROUP, cnt=1
[2022-02-15 16:00:31.291] [INFO ]: com.alibaba.nacos.client.config.impl.ClientWorker.addCacheDataIfAbsent[384 line] - [config_rpc_client] [subscribe] dynamic-datasource-core.yml+DEFAULT_GROUP+db7e9f2d-4b3c-4f8b-b1b1-696a1862112f
[2022-02-15 16:00:31.291] [INFO ]: com.alibaba.nacos.client.config.impl.CacheData.addListener[173 line] - [config_rpc_client] [add-listener] ok, tenant=db7e9f2d-4b3c-4f8b-b1b1-696a1862112f, dataId=dynamic-datasource-core.yml, group=DEFAULT_GROUP, cnt=1
[2022-02-15 16:00:31.294] [INFO ]: org.example.DynamicDatasourceApplication.main[39 line] - 
----------------------------------------------------------
	应用 'dynamic-datasource-core' 运行成功! 访问连接:
	Swagger文档: 		http://172.16.0.246:8124/doc.html
	数据库监控: 		http://172.16.0.246:8124/druid
springboot监控：		http://{}:{}/actuator/beans在线apifox文档：		https://www.apipark.cn/s/3f4b91d7-462c-44e8-b885-ceb018029c29 访问密码：Q0Rehq3X----------------------------------------------------------
[2022-02-15 16:00:31.405] [INFO ]: com.alibaba.nacos.common.utils.LoggerUtils.printIfInfoEnabled[60 line] - [97079089-5dae-4e42-93f0-c603296b7f09]receive server push request,request=NotifySubscriberRequest,requestId=50
[2022-02-15 16:00:31.408] [INFO ]: com.alibaba.nacos.client.naming.cache.ServiceInfoHolder.isChangedServiceInfo[181 line] - init new ips(1) service: DEFAULT_GROUP@@dynamic-datasource-core -> [{"ip":"172.16.0.246","port":8124,"weight":1.0,"healthy":true,"enabled":true,"ephemeral":true,"clusterName":"DEFAULT","serviceName":"DEFAULT_GROUP@@dynamic-datasource-core","metadata":{"preserved.register.source":"SPRING_CLOUD"},"instanceHeartBeatInterval":5000,"ipDeleteTimeout":30000,"instanceHeartBeatTimeOut":15000}]
[2022-02-15 16:00:31.409] [INFO ]: com.alibaba.nacos.client.naming.cache.ServiceInfoHolder.processServiceInfo[166 line] - current ips:(1) service: DEFAULT_GROUP@@dynamic-datasource-core -> [{"ip":"172.16.0.246","port":8124,"weight":1.0,"healthy":true,"enabled":true,"ephemeral":true,"clusterName":"DEFAULT","serviceName":"DEFAULT_GROUP@@dynamic-datasource-core","metadata":{"preserved.register.source":"SPRING_CLOUD"},"instanceHeartBeatInterval":5000,"ipDeleteTimeout":30000,"instanceHeartBeatTimeOut":15000}]
[2022-02-15 16:00:31.410] [INFO ]: com.alibaba.nacos.common.utils.LoggerUtils.printIfInfoEnabled[60 line] - [97079089-5dae-4e42-93f0-c603296b7f09]ack server push request,request=NotifySubscriberRequest,requestId=50
[2022-02-15 16:00:31.767] [INFO ]: com.alibaba.nacos.client.naming.cache.ServiceInfoHolder.isChangedServiceInfo[235 line] - new ips(1) service: DEFAULT_GROUP@@dynamic-datasource-core@@DEFAULT -> [{"ip":"172.16.0.246","port":8124,"weight":1.0,"healthy":true,"enabled":true,"ephemeral":true,"clusterName":"DEFAULT","serviceName":"DEFAULT_GROUP@@dynamic-datasource-core","metadata":{"preserved.register.source":"SPRING_CLOUD"},"instanceHeartBeatInterval":5000,"ipDeleteTimeout":30000,"instanceHeartBeatTimeOut":15000}]
[2022-02-15 16:00:31.767] [INFO ]: com.alibaba.nacos.client.naming.cache.ServiceInfoHolder.processServiceInfo[166 line] - current ips:(1) service: DEFAULT_GROUP@@dynamic-datasource-core@@DEFAULT -> [{"ip":"172.16.0.246","port":8124,"weight":1.0,"healthy":true,"enabled":true,"ephemeral":true,"clusterName":"DEFAULT","serviceName":"DEFAULT_GROUP@@dynamic-datasource-core","metadata":{"preserved.register.source":"SPRING_CLOUD"},"instanceHeartBeatInterval":5000,"ipDeleteTimeout":30000,"instanceHeartBeatTimeOut":15000}]
[2022-02-15 16:00:53.360] [INFO ]: com.alibaba.cloud.nacos.registry.NacosServiceRegistry.deregister[94 line] - De-registering from Nacos Server now...
[2022-02-15 16:00:53.361] [INFO ]: com.alibaba.nacos.client.naming.remote.gprc.NamingGrpcClientProxy.deregisterService[136 line] - [DEREGISTER-SERVICE] db7e9f2d-4b3c-4f8b-b1b1-696a1862112f deregistering service dynamic-datasource-core with instance: Instance{instanceId='null', ip='172.16.0.246', port=8124, weight=1.0, healthy=true, enabled=true, ephemeral=true, clusterName='DEFAULT', serviceName='null', metadata={}}
[2022-02-15 16:00:53.372] [INFO ]: com.alibaba.cloud.nacos.registry.NacosServiceRegistry.deregister[114 line] - De-registration finished.
[2022-02-15 16:00:53.374] [INFO ]: com.alibaba.nacos.client.naming.cache.ServiceInfoHolder.shutdown[256 line] - com.alibaba.nacos.client.naming.cache.ServiceInfoHolder do shutdown begin
[2022-02-15 16:00:53.374] [INFO ]: com.alibaba.nacos.client.naming.backups.FailoverReactor.shutdown[140 line] - com.alibaba.nacos.client.naming.backups.FailoverReactor do shutdown begin
[2022-02-15 16:00:53.375] [INFO ]: com.alibaba.nacos.client.naming.backups.FailoverReactor.shutdown[142 line] - com.alibaba.nacos.client.naming.backups.FailoverReactor do shutdown stop
[2022-02-15 16:00:53.375] [INFO ]: com.alibaba.nacos.client.naming.cache.ServiceInfoHolder.shutdown[258 line] - com.alibaba.nacos.client.naming.cache.ServiceInfoHolder do shutdown stop
[2022-02-15 16:00:53.375] [INFO ]: com.alibaba.nacos.client.naming.remote.NamingClientProxyDelegate.shutdown[176 line] - com.alibaba.nacos.client.naming.remote.NamingClientProxyDelegate do shutdown begin
[2022-02-15 16:00:53.376] [INFO ]: com.alibaba.nacos.client.naming.core.ServiceInfoUpdateService.shutdown[130 line] - com.alibaba.nacos.client.naming.core.ServiceInfoUpdateService do shutdown begin
[2022-02-15 16:00:53.678] [INFO ]: com.alibaba.nacos.client.naming.core.ServiceInfoUpdateService.shutdown[132 line] - com.alibaba.nacos.client.naming.core.ServiceInfoUpdateService do shutdown stop
[2022-02-15 16:00:53.678] [INFO ]: com.alibaba.nacos.client.naming.core.ServerListManager.shutdown[188 line] - com.alibaba.nacos.client.naming.core.ServerListManager do shutdown begin
[2022-02-15 16:00:53.679] [INFO ]: com.alibaba.nacos.client.naming.core.ServerListManager.shutdown[193 line] - com.alibaba.nacos.client.naming.core.ServerListManager do shutdown stop
[2022-02-15 16:00:53.679] [INFO ]: com.alibaba.nacos.client.naming.remote.http.NamingHttpClientProxy.shutdown[519 line] - com.alibaba.nacos.client.naming.remote.http.NamingHttpClientProxy do shutdown begin
[2022-02-15 16:00:53.679] [INFO ]: com.alibaba.nacos.client.naming.beat.BeatReactor.shutdown[162 line] - com.alibaba.nacos.client.naming.beat.BeatReactor do shutdown begin
[2022-02-15 16:00:53.679] [INFO ]: com.alibaba.nacos.client.naming.beat.BeatReactor.shutdown[164 line] - com.alibaba.nacos.client.naming.beat.BeatReactor do shutdown stop
[2022-02-15 16:00:53.680] [INFO ]: com.alibaba.nacos.client.identify.CredentialWatcher.stop[105 line] - [null] CredentialWatcher is stopped
[2022-02-15 16:00:53.680] [INFO ]: com.alibaba.nacos.client.identify.CredentialService.free[99 line] - [null] CredentialService is freed
[2022-02-15 16:00:53.680] [INFO ]: com.alibaba.nacos.client.naming.remote.http.NamingHttpClientProxy.shutdown[523 line] - com.alibaba.nacos.client.naming.remote.http.NamingHttpClientProxy do shutdown stop
[2022-02-15 16:00:53.680] [INFO ]: com.alibaba.nacos.common.remote.client.RpcClient.shutdown[461 line] - Shutdown rpc client ,set status to shutdown
[2022-02-15 16:00:53.680] [INFO ]: com.alibaba.nacos.common.remote.client.RpcClient.shutdown[463 line] - Shutdown  client event executor java.util.concurrent.ScheduledThreadPoolExecutor@43407cc[Running, pool size = 2, active threads = 2, queued tasks = 0, completed tasks = 0]
[2022-02-15 16:00:53.681] [INFO ]: com.alibaba.nacos.common.remote.client.RpcClient.shutdown[465 line] - Close current connection 1644912025928_172.16.0.246_55006
[2022-02-15 16:00:53.689] [INFO ]: com.alibaba.nacos.common.utils.LoggerUtils.printIfInfoEnabled[60 line] - [1644912025928_172.16.0.246_55006]Ignore complete event,isRunning:false,isAbandon=false
[2022-02-15 16:00:53.693] [INFO ]: com.alibaba.nacos.common.remote.client.grpc.GrpcClient.shutdown[83 line] - Shutdown grpc executor java.util.concurrent.ThreadPoolExecutor@12ba4ec[Running, pool size = 8, active threads = 0, queued tasks = 0, completed tasks = 20]
[2022-02-15 16:00:53.694] [INFO ]: com.alibaba.nacos.client.naming.remote.gprc.redo.NamingGrpcRedoService.shutdown[251 line] - Shutdown grpc redo service executor java.util.concurrent.ScheduledThreadPoolExecutor@1376d023[Running, pool size = 1, active threads = 0, queued tasks = 1, completed tasks = 8]
[2022-02-15 16:00:53.695] [INFO ]: com.alibaba.nacos.client.naming.remote.NamingClientProxyDelegate.shutdown[182 line] - com.alibaba.nacos.client.naming.remote.NamingClientProxyDelegate do shutdown stop
[2022-02-15 16:01:02.858] [INFO ]: org.reflections.Reflections.scan[232 line] - Reflections took 72 ms to scan 1 urls, producing 3 keys and 6 values 
[2022-02-15 16:01:02.930] [INFO ]: org.reflections.Reflections.scan[232 line] - Reflections took 38 ms to scan 1 urls, producing 4 keys and 9 values 
[2022-02-15 16:01:02.985] [INFO ]: org.reflections.Reflections.scan[232 line] - Reflections took 51 ms to scan 1 urls, producing 3 keys and 10 values 
[2022-02-15 16:01:03.003] [INFO ]: org.reflections.Reflections.scan[232 line] - Reflections took 12 ms to scan 1 urls, producing 1 keys and 5 values 
[2022-02-15 16:01:03.049] [INFO ]: org.reflections.Reflections.scan[232 line] - Reflections took 41 ms to scan 1 urls, producing 1 keys and 7 values 
[2022-02-15 16:01:03.106] [INFO ]: org.reflections.Reflections.scan[232 line] - Reflections took 52 ms to scan 1 urls, producing 2 keys and 8 values 
[2022-02-15 16:01:05.284] [INFO ]: org.springframework.boot.SpringApplication.logStartupProfileInfo[652 line] - The following profiles are active: test
[2022-02-15 16:01:09.244] [INFO ]: org.apache.juli.logging.DirectJDKLog.log[173 line] - Initializing ProtocolHandler ["http-nio-8124"]
[2022-02-15 16:01:09.245] [INFO ]: org.apache.juli.logging.DirectJDKLog.log[173 line] - Starting service [Tomcat]
[2022-02-15 16:01:09.245] [INFO ]: org.apache.juli.logging.DirectJDKLog.log[173 line] - Starting Servlet engine: [Apache Tomcat/9.0.46]
[2022-02-15 16:01:09.529] [INFO ]: org.apache.juli.logging.DirectJDKLog.log[173 line] - Initializing Spring embedded WebApplicationContext
[2022-02-15 16:01:16.222] [INFO ]: com.alibaba.nacos.client.naming.utils.InitUtils.initNamespaceForNaming[63 line] - initializer namespace from System Property : null
[2022-02-15 16:01:16.223] [INFO ]: com.alibaba.nacos.client.naming.utils.InitUtils$1.call[69 line] - initializer namespace from System Environment :null
[2022-02-15 16:01:16.224] [INFO ]: com.alibaba.nacos.client.naming.utils.InitUtils$2.call[79 line] - initializer namespace from System Property :null
[2022-02-15 16:01:16.300] [INFO ]: com.alibaba.nacos.common.remote.client.RpcClientFactory.lambda$createClient$0[77 line] - [RpcClientFactory] create a new rpc client of 2500a7c4-6fb4-4818-bdaa-c9922c6ad832
[2022-02-15 16:01:16.301] [INFO ]: com.alibaba.nacos.common.utils.LoggerUtils.printIfInfoEnabled[60 line] - [2500a7c4-6fb4-4818-bdaa-c9922c6ad832]RpcClient init label, labels={module=naming, source=sdk}
[2022-02-15 16:01:16.306] [INFO ]: com.alibaba.nacos.common.utils.LoggerUtils.printIfInfoEnabled[60 line] - [2500a7c4-6fb4-4818-bdaa-c9922c6ad832]RpcClient init, ServerListFactory =com.alibaba.nacos.client.naming.core.ServerListManager
[2022-02-15 16:01:16.307] [INFO ]: com.alibaba.nacos.common.utils.LoggerUtils.printIfInfoEnabled[60 line] - [2500a7c4-6fb4-4818-bdaa-c9922c6ad832]Registry connection listener to current client:com.alibaba.nacos.client.naming.remote.gprc.redo.NamingGrpcRedoService
[2022-02-15 16:01:16.308] [INFO ]: com.alibaba.nacos.common.utils.LoggerUtils.printIfInfoEnabled[60 line] - [2500a7c4-6fb4-4818-bdaa-c9922c6ad832]Register server push request handler:com.alibaba.nacos.client.naming.remote.gprc.NamingPushRequestHandler
[2022-02-15 16:01:16.310] [INFO ]: com.alibaba.nacos.common.utils.LoggerUtils.printIfInfoEnabled[60 line] - [2500a7c4-6fb4-4818-bdaa-c9922c6ad832] Try to connect to server on start up, server: {serverIp='172.16.0.35', server main port=8848}
[2022-02-15 16:01:16.513] [INFO ]: com.alibaba.nacos.common.utils.LoggerUtils.printIfInfoEnabled[60 line] - [2500a7c4-6fb4-4818-bdaa-c9922c6ad832] Success to connect to server [172.16.0.35:8848] on start up,connectionId=1644912074287_172.16.0.246_55044
[2022-02-15 16:01:16.513] [INFO ]: com.alibaba.nacos.common.utils.LoggerUtils.printIfInfoEnabled[60 line] - [2500a7c4-6fb4-4818-bdaa-c9922c6ad832]Register server push request handler:com.alibaba.nacos.common.remote.client.RpcClient$ConnectResetRequestHandler
[2022-02-15 16:01:16.514] [INFO ]: com.alibaba.nacos.common.utils.LoggerUtils.printIfInfoEnabled[60 line] - [2500a7c4-6fb4-4818-bdaa-c9922c6ad832]Register server push request handler:com.alibaba.nacos.common.remote.client.RpcClient$4
[2022-02-15 16:01:16.513] [INFO ]: com.alibaba.nacos.common.utils.LoggerUtils.printIfInfoEnabled[60 line] - [2500a7c4-6fb4-4818-bdaa-c9922c6ad832]Notify connected event to listeners.
[2022-02-15 16:01:16.519] [INFO ]: com.alibaba.nacos.client.naming.remote.gprc.redo.NamingGrpcRedoService.onConnected[76 line] - Grpc connection connect
[2022-02-15 16:01:17.014] [INFO ]: springfox.documentation.spring.web.PropertySourcedRequestMappingHandlerMapping.initHandlerMethods[69 line] - Mapped URL path [/v2/api-docs] onto method [springfox.documentation.swagger2.web.Swagger2Controller#getDocumentation(String, HttpServletRequest)]
[2022-02-15 16:01:17.070] [INFO ]: com.netflix.config.sources.URLConfigurationSource.<init>[127 line] - To enable URLs as dynamic configuration sources, define System property archaius.configurationSource.additionalUrls or make config.properties available on classpath.
[2022-02-15 16:01:17.083] [INFO ]: com.netflix.config.sources.URLConfigurationSource.<init>[127 line] - To enable URLs as dynamic configuration sources, define System property archaius.configurationSource.additionalUrls or make config.properties available on classpath.
[2022-02-15 16:01:18.890] [INFO ]: com.alibaba.nacos.client.naming.cache.ServiceInfoHolder.isChangedServiceInfo[181 line] - init new ips(0) service: DEFAULT_GROUP@@dynamic-datasource-core@@DEFAULT -> []
[2022-02-15 16:01:18.908] [INFO ]: com.alibaba.nacos.client.naming.cache.ServiceInfoHolder.processServiceInfo[166 line] - current ips:(0) service: DEFAULT_GROUP@@dynamic-datasource-core@@DEFAULT -> []
[2022-02-15 16:01:18.924] [INFO ]: org.apache.juli.logging.DirectJDKLog.log[173 line] - Starting ProtocolHandler ["http-nio-8124"]
[2022-02-15 16:01:18.982] [INFO ]: com.alibaba.nacos.client.naming.remote.gprc.NamingGrpcClientProxy.registerService[112 line] - [REGISTER-SERVICE] db7e9f2d-4b3c-4f8b-b1b1-696a1862112f registering service dynamic-datasource-core with instance Instance{instanceId='null', ip='172.16.0.246', port=8124, weight=1.0, healthy=true, enabled=true, ephemeral=true, clusterName='DEFAULT', serviceName='null', metadata={preserved.register.source=SPRING_CLOUD}}
[2022-02-15 16:01:19.010] [INFO ]: com.alibaba.cloud.nacos.registry.NacosServiceRegistry.register[75 line] - nacos registry, DEFAULT_GROUP dynamic-datasource-core 172.16.0.246:8124 register finished
[2022-02-15 16:01:19.250] [INFO ]: springfox.documentation.spring.web.plugins.DocumentationPluginsBootstrapper.start[147 line] - Context refreshed
[2022-02-15 16:01:19.272] [INFO ]: springfox.documentation.spring.web.plugins.DocumentationPluginsBootstrapper.start[150 line] - Found 1 custom documentation plugin(s)
[2022-02-15 16:01:19.350] [INFO ]: springfox.documentation.spring.web.scanners.ApiListingReferenceScanner.scan[41 line] - Scanning for api listing references
[2022-02-15 16:01:19.397] [INFO ]: org.springframework.boot.StartupInfoLogger.logStarted[61 line] - Started DynamicDatasourceApplication in 19.386 seconds (JVM running for 22.428)
[2022-02-15 16:01:19.407] [INFO ]: com.alibaba.nacos.common.utils.LoggerUtils.printIfInfoEnabled[60 line] - [2500a7c4-6fb4-4818-bdaa-c9922c6ad832]receive server push request,request=NotifySubscriberRequest,requestId=53
[2022-02-15 16:01:19.418] [INFO ]: com.alibaba.nacos.client.naming.cache.ServiceInfoHolder.isChangedServiceInfo[181 line] - init new ips(1) service: DEFAULT_GROUP@@dynamic-datasource-core -> [{"ip":"172.16.0.246","port":8124,"weight":1.0,"healthy":true,"enabled":true,"ephemeral":true,"clusterName":"DEFAULT","serviceName":"DEFAULT_GROUP@@dynamic-datasource-core","metadata":{"preserved.register.source":"SPRING_CLOUD"},"instanceHeartBeatTimeOut":15000,"instanceHeartBeatInterval":5000,"ipDeleteTimeout":30000}]
[2022-02-15 16:01:19.437] [INFO ]: com.alibaba.nacos.client.config.impl.ClientWorker.addCacheDataIfAbsent[384 line] - [config_rpc_client] [subscribe] dynamic-datasource-core-test.yml+DEFAULT_GROUP+db7e9f2d-4b3c-4f8b-b1b1-696a1862112f
[2022-02-15 16:01:19.438] [INFO ]: com.alibaba.nacos.client.config.impl.CacheData.addListener[173 line] - [config_rpc_client] [add-listener] ok, tenant=db7e9f2d-4b3c-4f8b-b1b1-696a1862112f, dataId=dynamic-datasource-core-test.yml, group=DEFAULT_GROUP, cnt=1
[2022-02-15 16:01:19.439] [INFO ]: com.alibaba.nacos.client.naming.cache.ServiceInfoHolder.processServiceInfo[166 line] - current ips:(1) service: DEFAULT_GROUP@@dynamic-datasource-core -> [{"ip":"172.16.0.246","port":8124,"weight":1.0,"healthy":true,"enabled":true,"ephemeral":true,"clusterName":"DEFAULT","serviceName":"DEFAULT_GROUP@@dynamic-datasource-core","metadata":{"preserved.register.source":"SPRING_CLOUD"},"instanceHeartBeatTimeOut":15000,"instanceHeartBeatInterval":5000,"ipDeleteTimeout":30000}]
[2022-02-15 16:01:19.439] [INFO ]: com.alibaba.nacos.client.config.impl.ClientWorker.addCacheDataIfAbsent[384 line] - [config_rpc_client] [subscribe] dynamic-datasource-core+DEFAULT_GROUP+db7e9f2d-4b3c-4f8b-b1b1-696a1862112f
[2022-02-15 16:01:19.440] [INFO ]: com.alibaba.nacos.client.config.impl.CacheData.addListener[173 line] - [config_rpc_client] [add-listener] ok, tenant=db7e9f2d-4b3c-4f8b-b1b1-696a1862112f, dataId=dynamic-datasource-core, group=DEFAULT_GROUP, cnt=1
[2022-02-15 16:01:19.441] [INFO ]: com.alibaba.nacos.client.config.impl.ClientWorker.addCacheDataIfAbsent[384 line] - [config_rpc_client] [subscribe] dynamic-datasource-core.yml+DEFAULT_GROUP+db7e9f2d-4b3c-4f8b-b1b1-696a1862112f
[2022-02-15 16:01:19.441] [INFO ]: com.alibaba.nacos.client.config.impl.CacheData.addListener[173 line] - [config_rpc_client] [add-listener] ok, tenant=db7e9f2d-4b3c-4f8b-b1b1-696a1862112f, dataId=dynamic-datasource-core.yml, group=DEFAULT_GROUP, cnt=1
[2022-02-15 16:01:19.442] [INFO ]: com.alibaba.nacos.common.utils.LoggerUtils.printIfInfoEnabled[60 line] - [2500a7c4-6fb4-4818-bdaa-c9922c6ad832]ack server push request,request=NotifySubscriberRequest,requestId=53
[2022-02-15 16:01:19.512] [INFO ]: org.example.DynamicDatasourceApplication.main[39 line] - 
----------------------------------------------------------
	应用 'dynamic-datasource-core' 运行成功! 访问连接:
	Swagger文档: 		http://172.16.0.246:8124/doc.html
	数据库监控: 		http://172.16.0.246:8124/druid
springboot监控：		http://{}:{}/actuator/beans在线apifox文档：		https://www.apipark.cn/s/3f4b91d7-462c-44e8-b885-ceb018029c29 访问密码：Q0Rehq3X----------------------------------------------------------
[2022-02-15 16:01:19.849] [INFO ]: com.alibaba.nacos.client.naming.cache.ServiceInfoHolder.isChangedServiceInfo[235 line] - new ips(1) service: DEFAULT_GROUP@@dynamic-datasource-core@@DEFAULT -> [{"ip":"172.16.0.246","port":8124,"weight":1.0,"healthy":true,"enabled":true,"ephemeral":true,"clusterName":"DEFAULT","serviceName":"DEFAULT_GROUP@@dynamic-datasource-core","metadata":{"preserved.register.source":"SPRING_CLOUD"},"instanceHeartBeatTimeOut":15000,"instanceHeartBeatInterval":5000,"ipDeleteTimeout":30000}]
[2022-02-15 16:01:19.850] [INFO ]: com.alibaba.nacos.client.naming.cache.ServiceInfoHolder.processServiceInfo[166 line] - current ips:(1) service: DEFAULT_GROUP@@dynamic-datasource-core@@DEFAULT -> [{"ip":"172.16.0.246","port":8124,"weight":1.0,"healthy":true,"enabled":true,"ephemeral":true,"clusterName":"DEFAULT","serviceName":"DEFAULT_GROUP@@dynamic-datasource-core","metadata":{"preserved.register.source":"SPRING_CLOUD"},"instanceHeartBeatTimeOut":15000,"instanceHeartBeatInterval":5000,"ipDeleteTimeout":30000}]
[2022-02-15 16:01:53.318] [INFO ]: com.alibaba.cloud.nacos.registry.NacosServiceRegistry.deregister[94 line] - De-registering from Nacos Server now...
[2022-02-15 16:01:53.318] [INFO ]: com.alibaba.nacos.client.naming.remote.gprc.NamingGrpcClientProxy.deregisterService[136 line] - [DEREGISTER-SERVICE] db7e9f2d-4b3c-4f8b-b1b1-696a1862112f deregistering service dynamic-datasource-core with instance: Instance{instanceId='null', ip='172.16.0.246', port=8124, weight=1.0, healthy=true, enabled=true, ephemeral=true, clusterName='DEFAULT', serviceName='null', metadata={}}
[2022-02-15 16:01:53.345] [INFO ]: com.alibaba.cloud.nacos.registry.NacosServiceRegistry.deregister[114 line] - De-registration finished.
[2022-02-15 16:01:53.347] [INFO ]: com.alibaba.nacos.client.naming.cache.ServiceInfoHolder.shutdown[256 line] - com.alibaba.nacos.client.naming.cache.ServiceInfoHolder do shutdown begin
[2022-02-15 16:01:53.347] [INFO ]: com.alibaba.nacos.client.naming.backups.FailoverReactor.shutdown[140 line] - com.alibaba.nacos.client.naming.backups.FailoverReactor do shutdown begin
[2022-02-15 16:01:53.348] [INFO ]: com.alibaba.nacos.client.naming.backups.FailoverReactor.shutdown[142 line] - com.alibaba.nacos.client.naming.backups.FailoverReactor do shutdown stop
[2022-02-15 16:01:53.348] [INFO ]: com.alibaba.nacos.client.naming.cache.ServiceInfoHolder.shutdown[258 line] - com.alibaba.nacos.client.naming.cache.ServiceInfoHolder do shutdown stop
[2022-02-15 16:01:53.348] [INFO ]: com.alibaba.nacos.client.naming.remote.NamingClientProxyDelegate.shutdown[176 line] - com.alibaba.nacos.client.naming.remote.NamingClientProxyDelegate do shutdown begin
[2022-02-15 16:01:53.349] [INFO ]: com.alibaba.nacos.client.naming.core.ServiceInfoUpdateService.shutdown[130 line] - com.alibaba.nacos.client.naming.core.ServiceInfoUpdateService do shutdown begin
[2022-02-15 16:01:53.651] [INFO ]: com.alibaba.nacos.client.naming.core.ServiceInfoUpdateService.shutdown[132 line] - com.alibaba.nacos.client.naming.core.ServiceInfoUpdateService do shutdown stop
[2022-02-15 16:01:53.651] [INFO ]: com.alibaba.nacos.client.naming.core.ServerListManager.shutdown[188 line] - com.alibaba.nacos.client.naming.core.ServerListManager do shutdown begin
[2022-02-15 16:01:53.652] [INFO ]: com.alibaba.nacos.client.naming.core.ServerListManager.shutdown[193 line] - com.alibaba.nacos.client.naming.core.ServerListManager do shutdown stop
[2022-02-15 16:01:53.652] [INFO ]: com.alibaba.nacos.client.naming.remote.http.NamingHttpClientProxy.shutdown[519 line] - com.alibaba.nacos.client.naming.remote.http.NamingHttpClientProxy do shutdown begin
[2022-02-15 16:01:53.652] [INFO ]: com.alibaba.nacos.client.naming.beat.BeatReactor.shutdown[162 line] - com.alibaba.nacos.client.naming.beat.BeatReactor do shutdown begin
[2022-02-15 16:01:53.652] [INFO ]: com.alibaba.nacos.client.naming.beat.BeatReactor.shutdown[164 line] - com.alibaba.nacos.client.naming.beat.BeatReactor do shutdown stop
[2022-02-15 16:01:53.652] [INFO ]: com.alibaba.nacos.client.identify.CredentialWatcher.stop[105 line] - [null] CredentialWatcher is stopped
[2022-02-15 16:01:53.653] [INFO ]: com.alibaba.nacos.client.identify.CredentialService.free[99 line] - [null] CredentialService is freed
[2022-02-15 16:01:53.653] [INFO ]: com.alibaba.nacos.client.naming.remote.http.NamingHttpClientProxy.shutdown[523 line] - com.alibaba.nacos.client.naming.remote.http.NamingHttpClientProxy do shutdown stop
[2022-02-15 16:01:53.653] [INFO ]: com.alibaba.nacos.common.remote.client.RpcClient.shutdown[461 line] - Shutdown rpc client ,set status to shutdown
[2022-02-15 16:01:53.653] [INFO ]: com.alibaba.nacos.common.remote.client.RpcClient.shutdown[463 line] - Shutdown  client event executor java.util.concurrent.ScheduledThreadPoolExecutor@3eca1ed8[Running, pool size = 2, active threads = 2, queued tasks = 0, completed tasks = 0]
[2022-02-15 16:01:53.653] [INFO ]: com.alibaba.nacos.common.remote.client.RpcClient.shutdown[465 line] - Close current connection 1644912074287_172.16.0.246_55044
[2022-02-15 16:01:53.665] [INFO ]: com.alibaba.nacos.common.remote.client.grpc.GrpcClient.shutdown[83 line] - Shutdown grpc executor java.util.concurrent.ThreadPoolExecutor@524db5f3[Running, pool size = 6, active threads = 1, queued tasks = 0, completed tasks = 17]
[2022-02-15 16:01:53.666] [INFO ]: com.alibaba.nacos.client.naming.remote.gprc.redo.NamingGrpcRedoService.shutdown[251 line] - Shutdown grpc redo service executor java.util.concurrent.ScheduledThreadPoolExecutor@6463167[Running, pool size = 1, active threads = 0, queued tasks = 1, completed tasks = 12]
[2022-02-15 16:01:53.705] [INFO ]: com.alibaba.nacos.common.utils.LoggerUtils.printIfInfoEnabled[60 line] - [1644912074287_172.16.0.246_55044]Ignore complete event,isRunning:false,isAbandon=false
[2022-02-15 16:01:53.707] [INFO ]: com.alibaba.nacos.client.naming.remote.NamingClientProxyDelegate.shutdown[182 line] - com.alibaba.nacos.client.naming.remote.NamingClientProxyDelegate do shutdown stop
[2022-02-15 16:02:02.433] [INFO ]: org.reflections.Reflections.scan[232 line] - Reflections took 74 ms to scan 1 urls, producing 3 keys and 6 values 
[2022-02-15 16:02:02.491] [INFO ]: org.reflections.Reflections.scan[232 line] - Reflections took 26 ms to scan 1 urls, producing 4 keys and 9 values 
[2022-02-15 16:02:02.516] [INFO ]: org.reflections.Reflections.scan[232 line] - Reflections took 20 ms to scan 1 urls, producing 3 keys and 10 values 
[2022-02-15 16:02:02.539] [INFO ]: org.reflections.Reflections.scan[232 line] - Reflections took 17 ms to scan 1 urls, producing 1 keys and 5 values 
[2022-02-15 16:02:02.561] [INFO ]: org.reflections.Reflections.scan[232 line] - Reflections took 18 ms to scan 1 urls, producing 1 keys and 7 values 
[2022-02-15 16:02:02.606] [INFO ]: org.reflections.Reflections.scan[232 line] - Reflections took 41 ms to scan 1 urls, producing 2 keys and 8 values 
[2022-02-15 16:02:04.811] [INFO ]: org.springframework.boot.SpringApplication.logStartupProfileInfo[652 line] - The following profiles are active: test
[2022-02-15 16:02:08.803] [INFO ]: org.apache.juli.logging.DirectJDKLog.log[173 line] - Initializing ProtocolHandler ["http-nio-8124"]
[2022-02-15 16:02:08.804] [INFO ]: org.apache.juli.logging.DirectJDKLog.log[173 line] - Starting service [Tomcat]
[2022-02-15 16:02:08.805] [INFO ]: org.apache.juli.logging.DirectJDKLog.log[173 line] - Starting Servlet engine: [Apache Tomcat/9.0.46]
[2022-02-15 16:02:09.104] [INFO ]: org.apache.juli.logging.DirectJDKLog.log[173 line] - Initializing Spring embedded WebApplicationContext
[2022-02-15 16:02:14.397] [INFO ]: com.alibaba.nacos.client.naming.utils.InitUtils.initNamespaceForNaming[63 line] - initializer namespace from System Property : null
[2022-02-15 16:02:14.398] [INFO ]: com.alibaba.nacos.client.naming.utils.InitUtils$1.call[69 line] - initializer namespace from System Environment :null
[2022-02-15 16:02:14.399] [INFO ]: com.alibaba.nacos.client.naming.utils.InitUtils$2.call[79 line] - initializer namespace from System Property :null
[2022-02-15 16:02:14.451] [INFO ]: com.alibaba.nacos.common.remote.client.RpcClientFactory.lambda$createClient$0[77 line] - [RpcClientFactory] create a new rpc client of 033ce607-66e0-4da6-b057-702a014093bd
[2022-02-15 16:02:14.451] [INFO ]: com.alibaba.nacos.common.utils.LoggerUtils.printIfInfoEnabled[60 line] - [033ce607-66e0-4da6-b057-702a014093bd]RpcClient init label, labels={module=naming, source=sdk}
[2022-02-15 16:02:14.561] [INFO ]: com.alibaba.nacos.common.utils.LoggerUtils.printIfInfoEnabled[60 line] - [033ce607-66e0-4da6-b057-702a014093bd]RpcClient init, ServerListFactory =com.alibaba.nacos.client.naming.core.ServerListManager
[2022-02-15 16:02:14.562] [INFO ]: com.alibaba.nacos.common.utils.LoggerUtils.printIfInfoEnabled[60 line] - [033ce607-66e0-4da6-b057-702a014093bd]Registry connection listener to current client:com.alibaba.nacos.client.naming.remote.gprc.redo.NamingGrpcRedoService
[2022-02-15 16:02:14.563] [INFO ]: com.alibaba.nacos.common.utils.LoggerUtils.printIfInfoEnabled[60 line] - [033ce607-66e0-4da6-b057-702a014093bd]Register server push request handler:com.alibaba.nacos.client.naming.remote.gprc.NamingPushRequestHandler
[2022-02-15 16:02:14.583] [INFO ]: com.alibaba.nacos.common.utils.LoggerUtils.printIfInfoEnabled[60 line] - [033ce607-66e0-4da6-b057-702a014093bd] Try to connect to server on start up, server: {serverIp='172.16.0.35', server main port=8848}
[2022-02-15 16:02:14.768] [INFO ]: com.alibaba.nacos.common.utils.LoggerUtils.printIfInfoEnabled[60 line] - [033ce607-66e0-4da6-b057-702a014093bd] Success to connect to server [172.16.0.35:8848] on start up,connectionId=1644912132559_172.16.0.246_55092
[2022-02-15 16:02:14.769] [INFO ]: com.alibaba.nacos.common.utils.LoggerUtils.printIfInfoEnabled[60 line] - [033ce607-66e0-4da6-b057-702a014093bd]Register server push request handler:com.alibaba.nacos.common.remote.client.RpcClient$ConnectResetRequestHandler
[2022-02-15 16:02:14.770] [INFO ]: com.alibaba.nacos.common.utils.LoggerUtils.printIfInfoEnabled[60 line] - [033ce607-66e0-4da6-b057-702a014093bd]Register server push request handler:com.alibaba.nacos.common.remote.client.RpcClient$4
[2022-02-15 16:02:14.777] [INFO ]: com.alibaba.nacos.common.utils.LoggerUtils.printIfInfoEnabled[60 line] - [033ce607-66e0-4da6-b057-702a014093bd]Notify connected event to listeners.
[2022-02-15 16:02:14.790] [INFO ]: com.alibaba.nacos.client.naming.remote.gprc.redo.NamingGrpcRedoService.onConnected[76 line] - Grpc connection connect
[2022-02-15 16:02:15.296] [INFO ]: springfox.documentation.spring.web.PropertySourcedRequestMappingHandlerMapping.initHandlerMethods[69 line] - Mapped URL path [/v2/api-docs] onto method [springfox.documentation.swagger2.web.Swagger2Controller#getDocumentation(String, HttpServletRequest)]
[2022-02-15 16:02:15.347] [INFO ]: com.netflix.config.sources.URLConfigurationSource.<init>[127 line] - To enable URLs as dynamic configuration sources, define System property archaius.configurationSource.additionalUrls or make config.properties available on classpath.
[2022-02-15 16:02:15.356] [INFO ]: com.netflix.config.sources.URLConfigurationSource.<init>[127 line] - To enable URLs as dynamic configuration sources, define System property archaius.configurationSource.additionalUrls or make config.properties available on classpath.
[2022-02-15 16:02:17.068] [INFO ]: com.alibaba.nacos.client.naming.cache.ServiceInfoHolder.isChangedServiceInfo[181 line] - init new ips(0) service: DEFAULT_GROUP@@dynamic-datasource-core@@DEFAULT -> []
[2022-02-15 16:02:17.087] [INFO ]: com.alibaba.nacos.client.naming.cache.ServiceInfoHolder.processServiceInfo[166 line] - current ips:(0) service: DEFAULT_GROUP@@dynamic-datasource-core@@DEFAULT -> []
[2022-02-15 16:02:17.101] [INFO ]: org.apache.juli.logging.DirectJDKLog.log[173 line] - Starting ProtocolHandler ["http-nio-8124"]
[2022-02-15 16:02:17.150] [INFO ]: com.alibaba.nacos.client.naming.remote.gprc.NamingGrpcClientProxy.registerService[112 line] - [REGISTER-SERVICE] db7e9f2d-4b3c-4f8b-b1b1-696a1862112f registering service dynamic-datasource-core with instance Instance{instanceId='null', ip='172.16.0.246', port=8124, weight=1.0, healthy=true, enabled=true, ephemeral=true, clusterName='DEFAULT', serviceName='null', metadata={preserved.register.source=SPRING_CLOUD}}
[2022-02-15 16:02:17.165] [INFO ]: com.alibaba.cloud.nacos.registry.NacosServiceRegistry.register[75 line] - nacos registry, DEFAULT_GROUP dynamic-datasource-core 172.16.0.246:8124 register finished
[2022-02-15 16:02:17.524] [INFO ]: springfox.documentation.spring.web.plugins.DocumentationPluginsBootstrapper.start[147 line] - Context refreshed
[2022-02-15 16:02:17.547] [INFO ]: springfox.documentation.spring.web.plugins.DocumentationPluginsBootstrapper.start[150 line] - Found 1 custom documentation plugin(s)
[2022-02-15 16:02:17.660] [INFO ]: com.alibaba.nacos.common.utils.LoggerUtils.printIfInfoEnabled[60 line] - [033ce607-66e0-4da6-b057-702a014093bd]receive server push request,request=NotifySubscriberRequest,requestId=57
[2022-02-15 16:02:17.668] [INFO ]: com.alibaba.nacos.client.naming.cache.ServiceInfoHolder.isChangedServiceInfo[181 line] - init new ips(1) service: DEFAULT_GROUP@@dynamic-datasource-core -> [{"ip":"172.16.0.246","port":8124,"weight":1.0,"healthy":true,"enabled":true,"ephemeral":true,"clusterName":"DEFAULT","serviceName":"DEFAULT_GROUP@@dynamic-datasource-core","metadata":{"preserved.register.source":"SPRING_CLOUD"},"instanceHeartBeatTimeOut":15000,"ipDeleteTimeout":30000,"instanceHeartBeatInterval":5000}]
[2022-02-15 16:02:17.669] [INFO ]: com.alibaba.nacos.client.naming.cache.ServiceInfoHolder.processServiceInfo[166 line] - current ips:(1) service: DEFAULT_GROUP@@dynamic-datasource-core -> [{"ip":"172.16.0.246","port":8124,"weight":1.0,"healthy":true,"enabled":true,"ephemeral":true,"clusterName":"DEFAULT","serviceName":"DEFAULT_GROUP@@dynamic-datasource-core","metadata":{"preserved.register.source":"SPRING_CLOUD"},"instanceHeartBeatTimeOut":15000,"ipDeleteTimeout":30000,"instanceHeartBeatInterval":5000}]
[2022-02-15 16:02:17.670] [INFO ]: com.alibaba.nacos.common.utils.LoggerUtils.printIfInfoEnabled[60 line] - [033ce607-66e0-4da6-b057-702a014093bd]ack server push request,request=NotifySubscriberRequest,requestId=57
[2022-02-15 16:02:17.909] [INFO ]: springfox.documentation.spring.web.scanners.ApiListingReferenceScanner.scan[41 line] - Scanning for api listing references
[2022-02-15 16:02:17.987] [INFO ]: org.springframework.boot.StartupInfoLogger.logStarted[61 line] - Started DynamicDatasourceApplication in 18.299 seconds (JVM running for 21.131)
[2022-02-15 16:02:18.016] [INFO ]: com.alibaba.nacos.client.config.impl.ClientWorker.addCacheDataIfAbsent[384 line] - [config_rpc_client] [subscribe] dynamic-datasource-core-test.yml+DEFAULT_GROUP+db7e9f2d-4b3c-4f8b-b1b1-696a1862112f
[2022-02-15 16:02:18.017] [INFO ]: com.alibaba.nacos.client.config.impl.CacheData.addListener[173 line] - [config_rpc_client] [add-listener] ok, tenant=db7e9f2d-4b3c-4f8b-b1b1-696a1862112f, dataId=dynamic-datasource-core-test.yml, group=DEFAULT_GROUP, cnt=1
[2022-02-15 16:02:18.019] [INFO ]: com.alibaba.nacos.client.config.impl.ClientWorker.addCacheDataIfAbsent[384 line] - [config_rpc_client] [subscribe] dynamic-datasource-core+DEFAULT_GROUP+db7e9f2d-4b3c-4f8b-b1b1-696a1862112f
[2022-02-15 16:02:18.019] [INFO ]: com.alibaba.nacos.client.config.impl.CacheData.addListener[173 line] - [config_rpc_client] [add-listener] ok, tenant=db7e9f2d-4b3c-4f8b-b1b1-696a1862112f, dataId=dynamic-datasource-core, group=DEFAULT_GROUP, cnt=1
[2022-02-15 16:02:18.019] [INFO ]: com.alibaba.nacos.client.config.impl.ClientWorker.addCacheDataIfAbsent[384 line] - [config_rpc_client] [subscribe] dynamic-datasource-core.yml+DEFAULT_GROUP+db7e9f2d-4b3c-4f8b-b1b1-696a1862112f
[2022-02-15 16:02:18.019] [INFO ]: com.alibaba.nacos.client.config.impl.CacheData.addListener[173 line] - [config_rpc_client] [add-listener] ok, tenant=db7e9f2d-4b3c-4f8b-b1b1-696a1862112f, dataId=dynamic-datasource-core.yml, group=DEFAULT_GROUP, cnt=1
[2022-02-15 16:02:18.065] [INFO ]: org.example.DynamicDatasourceApplication.main[39 line] - 
----------------------------------------------------------
	应用 'dynamic-datasource-core' 运行成功! 访问连接:
	Swagger文档: 		http://172.16.0.246:8124/doc.html
	数据库监控: 		http://172.16.0.246:8124/druid
springboot监控：		http://{}:{}/actuator/beans在线apifox文档：		https://www.apipark.cn/s/3f4b91d7-462c-44e8-b885-ceb018029c29 访问密码：Q0Rehq3X----------------------------------------------------------
[2022-02-15 16:02:18.090] [INFO ]: com.alibaba.nacos.client.naming.cache.ServiceInfoHolder.isChangedServiceInfo[235 line] - new ips(1) service: DEFAULT_GROUP@@dynamic-datasource-core@@DEFAULT -> [{"ip":"172.16.0.246","port":8124,"weight":1.0,"healthy":true,"enabled":true,"ephemeral":true,"clusterName":"DEFAULT","serviceName":"DEFAULT_GROUP@@dynamic-datasource-core","metadata":{"preserved.register.source":"SPRING_CLOUD"},"instanceHeartBeatTimeOut":15000,"ipDeleteTimeout":30000,"instanceHeartBeatInterval":5000}]
[2022-02-15 16:02:18.091] [INFO ]: com.alibaba.nacos.client.naming.cache.ServiceInfoHolder.processServiceInfo[166 line] - current ips:(1) service: DEFAULT_GROUP@@dynamic-datasource-core@@DEFAULT -> [{"ip":"172.16.0.246","port":8124,"weight":1.0,"healthy":true,"enabled":true,"ephemeral":true,"clusterName":"DEFAULT","serviceName":"DEFAULT_GROUP@@dynamic-datasource-core","metadata":{"preserved.register.source":"SPRING_CLOUD"},"instanceHeartBeatTimeOut":15000,"ipDeleteTimeout":30000,"instanceHeartBeatInterval":5000}]
[2022-02-15 16:03:42.081] [INFO ]: com.alibaba.cloud.nacos.registry.NacosServiceRegistry.deregister[94 line] - De-registering from Nacos Server now...
[2022-02-15 16:03:42.082] [INFO ]: com.alibaba.nacos.client.naming.remote.gprc.NamingGrpcClientProxy.deregisterService[136 line] - [DEREGISTER-SERVICE] db7e9f2d-4b3c-4f8b-b1b1-696a1862112f deregistering service dynamic-datasource-core with instance: Instance{instanceId='null', ip='172.16.0.246', port=8124, weight=1.0, healthy=true, enabled=true, ephemeral=true, clusterName='DEFAULT', serviceName='null', metadata={}}
[2022-02-15 16:03:42.090] [INFO ]: com.alibaba.cloud.nacos.registry.NacosServiceRegistry.deregister[114 line] - De-registration finished.
[2022-02-15 16:03:42.093] [INFO ]: com.alibaba.nacos.client.naming.cache.ServiceInfoHolder.shutdown[256 line] - com.alibaba.nacos.client.naming.cache.ServiceInfoHolder do shutdown begin
[2022-02-15 16:03:42.093] [INFO ]: com.alibaba.nacos.client.naming.backups.FailoverReactor.shutdown[140 line] - com.alibaba.nacos.client.naming.backups.FailoverReactor do shutdown begin
[2022-02-15 16:03:42.094] [INFO ]: com.alibaba.nacos.client.naming.backups.FailoverReactor.shutdown[142 line] - com.alibaba.nacos.client.naming.backups.FailoverReactor do shutdown stop
[2022-02-15 16:03:42.094] [INFO ]: com.alibaba.nacos.client.naming.cache.ServiceInfoHolder.shutdown[258 line] - com.alibaba.nacos.client.naming.cache.ServiceInfoHolder do shutdown stop
[2022-02-15 16:03:42.095] [INFO ]: com.alibaba.nacos.client.naming.remote.NamingClientProxyDelegate.shutdown[176 line] - com.alibaba.nacos.client.naming.remote.NamingClientProxyDelegate do shutdown begin
[2022-02-15 16:03:42.096] [INFO ]: com.alibaba.nacos.client.naming.core.ServiceInfoUpdateService.shutdown[130 line] - com.alibaba.nacos.client.naming.core.ServiceInfoUpdateService do shutdown begin
[2022-02-15 16:03:42.401] [INFO ]: com.alibaba.nacos.client.naming.core.ServiceInfoUpdateService.shutdown[132 line] - com.alibaba.nacos.client.naming.core.ServiceInfoUpdateService do shutdown stop
[2022-02-15 16:03:42.402] [INFO ]: com.alibaba.nacos.client.naming.core.ServerListManager.shutdown[188 line] - com.alibaba.nacos.client.naming.core.ServerListManager do shutdown begin
[2022-02-15 16:03:42.403] [INFO ]: com.alibaba.nacos.client.naming.core.ServerListManager.shutdown[193 line] - com.alibaba.nacos.client.naming.core.ServerListManager do shutdown stop
[2022-02-15 16:03:42.404] [INFO ]: com.alibaba.nacos.client.naming.remote.http.NamingHttpClientProxy.shutdown[519 line] - com.alibaba.nacos.client.naming.remote.http.NamingHttpClientProxy do shutdown begin
[2022-02-15 16:03:42.404] [INFO ]: com.alibaba.nacos.client.naming.beat.BeatReactor.shutdown[162 line] - com.alibaba.nacos.client.naming.beat.BeatReactor do shutdown begin
[2022-02-15 16:03:42.404] [INFO ]: com.alibaba.nacos.client.naming.beat.BeatReactor.shutdown[164 line] - com.alibaba.nacos.client.naming.beat.BeatReactor do shutdown stop
[2022-02-15 16:03:42.405] [INFO ]: com.alibaba.nacos.client.identify.CredentialWatcher.stop[105 line] - [null] CredentialWatcher is stopped
[2022-02-15 16:03:42.405] [INFO ]: com.alibaba.nacos.client.identify.CredentialService.free[99 line] - [null] CredentialService is freed
[2022-02-15 16:03:42.406] [INFO ]: com.alibaba.nacos.client.naming.remote.http.NamingHttpClientProxy.shutdown[523 line] - com.alibaba.nacos.client.naming.remote.http.NamingHttpClientProxy do shutdown stop
[2022-02-15 16:03:42.406] [INFO ]: com.alibaba.nacos.common.remote.client.RpcClient.shutdown[461 line] - Shutdown rpc client ,set status to shutdown
[2022-02-15 16:03:42.406] [INFO ]: com.alibaba.nacos.common.remote.client.RpcClient.shutdown[463 line] - Shutdown  client event executor java.util.concurrent.ScheduledThreadPoolExecutor@7b85c360[Running, pool size = 2, active threads = 2, queued tasks = 0, completed tasks = 0]
[2022-02-15 16:03:42.407] [INFO ]: com.alibaba.nacos.common.remote.client.RpcClient.shutdown[465 line] - Close current connection 1644912132559_172.16.0.246_55092
[2022-02-15 16:03:42.453] [INFO ]: com.alibaba.nacos.common.remote.client.grpc.GrpcClient.shutdown[83 line] - Shutdown grpc executor java.util.concurrent.ThreadPoolExecutor@2925c8c2[Running, pool size = 6, active threads = 1, queued tasks = 0, completed tasks = 36]
[2022-02-15 16:03:42.453] [INFO ]: com.alibaba.nacos.client.naming.remote.gprc.redo.NamingGrpcRedoService.shutdown[251 line] - Shutdown grpc redo service executor java.util.concurrent.ScheduledThreadPoolExecutor@278afa18[Running, pool size = 1, active threads = 0, queued tasks = 1, completed tasks = 29]
[2022-02-15 16:03:42.454] [INFO ]: com.alibaba.nacos.client.naming.remote.NamingClientProxyDelegate.shutdown[182 line] - com.alibaba.nacos.client.naming.remote.NamingClientProxyDelegate do shutdown stop
[2022-02-15 16:03:42.467] [INFO ]: com.alibaba.nacos.common.utils.LoggerUtils.printIfInfoEnabled[60 line] - [033ce607-66e0-4da6-b057-702a014093bd]Notify disconnected event to listeners
[2022-02-15 16:03:42.470] [INFO ]: com.alibaba.nacos.common.utils.LoggerUtils.printIfInfoEnabled[60 line] - [1644912132559_172.16.0.246_55092]Ignore complete event,isRunning:false,isAbandon=false
